<?xml version="1.0" ?>
<!DOCTYPE coverage SYSTEM 'http://cobertura.sourceforge.net/xml/coverage-04.dtd'>
<coverage line-rate="0.255" lines-covered="1115" lines-valid="4364" branch-rate="1.0" branches-covered="1.0" branches-rate="1.0" complexity="1.0" version="1.9" timestamp="1694966311">
	<sources>
		<source>/home/ubuntu/dev/ocaml/polars/polars-ocaml/_build/default/rust/</source>
	</sources>
	<packages>
		<package name="inline_test_runner_polars_guide_exe" line-rate="0.255" lines-covered="1115" lines-valid="4364" branch-rate="1.0" complexity="1.0">
			<classes>
				<class name="timezones_rs" filename="target/debug/build/chrono-tz-0aa73b6cd7cecec5/out/timezones.rs" branch-rate="1.0" complexity="1.0" line-rate="0.007">
					<lines>
						<line number="11" hits="2"/>
						<line number="1938" hits="1"/>
						<line number="1940" hits="1"/>
						<line number="1943" hits="1"/>
						<line number="1947" hits="0"/>
						<line number="1948" hits="0"/>
						<line number="1949" hits="0"/>
						<line number="1950" hits="0"/>
						<line number="1951" hits="0"/>
						<line number="1952" hits="0"/>
						<line number="1953" hits="0"/>
						<line number="1954" hits="0"/>
						<line number="1955" hits="0"/>
						<line number="1956" hits="0"/>
						<line number="1957" hits="0"/>
						<line number="1958" hits="0"/>
						<line number="1959" hits="0"/>
						<line number="1960" hits="0"/>
						<line number="1961" hits="0"/>
						<line number="1962" hits="0"/>
						<line number="1963" hits="0"/>
						<line number="1964" hits="0"/>
						<line number="1965" hits="0"/>
						<line number="1966" hits="0"/>
						<line number="1967" hits="0"/>
						<line number="1968" hits="0"/>
						<line number="1969" hits="0"/>
						<line number="1970" hits="0"/>
						<line number="1971" hits="0"/>
						<line number="1972" hits="0"/>
						<line number="1973" hits="0"/>
						<line number="1974" hits="0"/>
						<line number="1975" hits="0"/>
						<line number="1976" hits="0"/>
						<line number="1977" hits="0"/>
						<line number="1978" hits="0"/>
						<line number="1979" hits="0"/>
						<line number="1980" hits="0"/>
						<line number="1981" hits="0"/>
						<line number="1982" hits="0"/>
						<line number="1983" hits="0"/>
						<line number="1984" hits="0"/>
						<line number="1985" hits="0"/>
						<line number="1986" hits="0"/>
						<line number="1987" hits="0"/>
						<line number="1988" hits="0"/>
						<line number="1989" hits="0"/>
						<line number="1990" hits="0"/>
						<line number="1991" hits="0"/>
						<line number="1992" hits="0"/>
						<line number="1993" hits="0"/>
						<line number="1994" hits="0"/>
						<line number="1995" hits="0"/>
						<line number="1996" hits="0"/>
						<line number="1997" hits="0"/>
						<line number="1998" hits="0"/>
						<line number="1999" hits="0"/>
						<line number="2000" hits="0"/>
						<line number="2001" hits="0"/>
						<line number="2002" hits="0"/>
						<line number="2003" hits="0"/>
						<line number="2004" hits="0"/>
						<line number="2005" hits="0"/>
						<line number="2006" hits="0"/>
						<line number="2007" hits="0"/>
						<line number="2008" hits="0"/>
						<line number="2009" hits="0"/>
						<line number="2010" hits="0"/>
						<line number="2011" hits="0"/>
						<line number="2012" hits="0"/>
						<line number="2013" hits="0"/>
						<line number="2014" hits="0"/>
						<line number="2015" hits="0"/>
						<line number="2016" hits="0"/>
						<line number="2017" hits="0"/>
						<line number="2018" hits="0"/>
						<line number="2019" hits="0"/>
						<line number="2020" hits="0"/>
						<line number="2021" hits="0"/>
						<line number="2022" hits="0"/>
						<line number="2023" hits="0"/>
						<line number="2024" hits="0"/>
						<line number="2025" hits="0"/>
						<line number="2026" hits="0"/>
						<line number="2027" hits="0"/>
						<line number="2028" hits="0"/>
						<line number="2029" hits="0"/>
						<line number="2030" hits="0"/>
						<line number="2031" hits="0"/>
						<line number="2032" hits="0"/>
						<line number="2033" hits="0"/>
						<line number="2034" hits="0"/>
						<line number="2035" hits="0"/>
						<line number="2036" hits="0"/>
						<line number="2037" hits="0"/>
						<line number="2038" hits="0"/>
						<line number="2039" hits="0"/>
						<line number="2040" hits="0"/>
						<line number="2041" hits="0"/>
						<line number="2042" hits="0"/>
						<line number="2043" hits="0"/>
						<line number="2044" hits="0"/>
						<line number="2045" hits="0"/>
						<line number="2046" hits="0"/>
						<line number="2047" hits="0"/>
						<line number="2048" hits="0"/>
						<line number="2049" hits="0"/>
						<line number="2050" hits="0"/>
						<line number="2051" hits="0"/>
						<line number="2052" hits="0"/>
						<line number="2053" hits="0"/>
						<line number="2054" hits="0"/>
						<line number="2055" hits="0"/>
						<line number="2056" hits="0"/>
						<line number="2057" hits="0"/>
						<line number="2058" hits="0"/>
						<line number="2059" hits="0"/>
						<line number="2060" hits="0"/>
						<line number="2061" hits="0"/>
						<line number="2062" hits="0"/>
						<line number="2063" hits="0"/>
						<line number="2064" hits="0"/>
						<line number="2065" hits="0"/>
						<line number="2066" hits="0"/>
						<line number="2067" hits="0"/>
						<line number="2068" hits="0"/>
						<line number="2069" hits="0"/>
						<line number="2070" hits="0"/>
						<line number="2071" hits="0"/>
						<line number="2072" hits="0"/>
						<line number="2073" hits="0"/>
						<line number="2074" hits="0"/>
						<line number="2075" hits="0"/>
						<line number="2076" hits="0"/>
						<line number="2077" hits="0"/>
						<line number="2078" hits="0"/>
						<line number="2079" hits="0"/>
						<line number="2080" hits="0"/>
						<line number="2081" hits="0"/>
						<line number="2082" hits="0"/>
						<line number="2083" hits="0"/>
						<line number="2084" hits="0"/>
						<line number="2085" hits="0"/>
						<line number="2086" hits="0"/>
						<line number="2087" hits="0"/>
						<line number="2088" hits="0"/>
						<line number="2089" hits="0"/>
						<line number="2090" hits="0"/>
						<line number="2091" hits="0"/>
						<line number="2092" hits="0"/>
						<line number="2093" hits="0"/>
						<line number="2094" hits="0"/>
						<line number="2095" hits="0"/>
						<line number="2096" hits="0"/>
						<line number="2097" hits="0"/>
						<line number="2098" hits="0"/>
						<line number="2099" hits="0"/>
						<line number="2100" hits="0"/>
						<line number="2101" hits="0"/>
						<line number="2102" hits="0"/>
						<line number="2103" hits="0"/>
						<line number="2104" hits="0"/>
						<line number="2105" hits="0"/>
						<line number="2106" hits="0"/>
						<line number="2107" hits="0"/>
						<line number="2108" hits="0"/>
						<line number="2109" hits="0"/>
						<line number="2110" hits="0"/>
						<line number="2111" hits="0"/>
						<line number="2112" hits="0"/>
						<line number="2113" hits="0"/>
						<line number="2114" hits="0"/>
						<line number="2115" hits="0"/>
						<line number="2116" hits="0"/>
						<line number="2117" hits="0"/>
						<line number="2118" hits="0"/>
						<line number="2119" hits="0"/>
						<line number="2120" hits="0"/>
						<line number="2121" hits="0"/>
						<line number="2122" hits="0"/>
						<line number="2123" hits="0"/>
						<line number="2124" hits="0"/>
						<line number="2125" hits="0"/>
						<line number="2126" hits="0"/>
						<line number="2127" hits="0"/>
						<line number="2128" hits="0"/>
						<line number="2129" hits="0"/>
						<line number="2130" hits="0"/>
						<line number="2131" hits="0"/>
						<line number="2132" hits="0"/>
						<line number="2133" hits="0"/>
						<line number="2134" hits="0"/>
						<line number="2135" hits="0"/>
						<line number="2136" hits="0"/>
						<line number="2137" hits="0"/>
						<line number="2138" hits="0"/>
						<line number="2139" hits="0"/>
						<line number="2140" hits="0"/>
						<line number="2141" hits="0"/>
						<line number="2142" hits="0"/>
						<line number="2143" hits="0"/>
						<line number="2144" hits="0"/>
						<line number="2145" hits="0"/>
						<line number="2146" hits="0"/>
						<line number="2147" hits="0"/>
						<line number="2148" hits="0"/>
						<line number="2149" hits="0"/>
						<line number="2150" hits="0"/>
						<line number="2151" hits="0"/>
						<line number="2152" hits="0"/>
						<line number="2153" hits="0"/>
						<line number="2154" hits="0"/>
						<line number="2155" hits="0"/>
						<line number="2156" hits="0"/>
						<line number="2157" hits="0"/>
						<line number="2158" hits="0"/>
						<line number="2159" hits="0"/>
						<line number="2160" hits="0"/>
						<line number="2161" hits="0"/>
						<line number="2162" hits="0"/>
						<line number="2163" hits="0"/>
						<line number="2164" hits="0"/>
						<line number="2165" hits="0"/>
						<line number="2166" hits="0"/>
						<line number="2167" hits="0"/>
						<line number="2168" hits="0"/>
						<line number="2169" hits="0"/>
						<line number="2170" hits="0"/>
						<line number="2171" hits="0"/>
						<line number="2172" hits="0"/>
						<line number="2173" hits="0"/>
						<line number="2174" hits="0"/>
						<line number="2175" hits="0"/>
						<line number="2176" hits="0"/>
						<line number="2177" hits="0"/>
						<line number="2178" hits="0"/>
						<line number="2179" hits="0"/>
						<line number="2180" hits="0"/>
						<line number="2181" hits="0"/>
						<line number="2182" hits="0"/>
						<line number="2183" hits="0"/>
						<line number="2184" hits="0"/>
						<line number="2185" hits="0"/>
						<line number="2186" hits="0"/>
						<line number="2187" hits="0"/>
						<line number="2188" hits="0"/>
						<line number="2189" hits="0"/>
						<line number="2190" hits="0"/>
						<line number="2191" hits="0"/>
						<line number="2192" hits="0"/>
						<line number="2193" hits="0"/>
						<line number="2194" hits="0"/>
						<line number="2195" hits="0"/>
						<line number="2196" hits="0"/>
						<line number="2197" hits="0"/>
						<line number="2198" hits="0"/>
						<line number="2199" hits="0"/>
						<line number="2200" hits="0"/>
						<line number="2201" hits="0"/>
						<line number="2202" hits="0"/>
						<line number="2203" hits="0"/>
						<line number="2204" hits="0"/>
						<line number="2205" hits="0"/>
						<line number="2206" hits="0"/>
						<line number="2207" hits="0"/>
						<line number="2208" hits="0"/>
						<line number="2209" hits="0"/>
						<line number="2210" hits="0"/>
						<line number="2211" hits="0"/>
						<line number="2212" hits="0"/>
						<line number="2213" hits="0"/>
						<line number="2214" hits="0"/>
						<line number="2215" hits="0"/>
						<line number="2216" hits="0"/>
						<line number="2217" hits="0"/>
						<line number="2218" hits="0"/>
						<line number="2219" hits="0"/>
						<line number="2220" hits="0"/>
						<line number="2221" hits="0"/>
						<line number="2222" hits="0"/>
						<line number="2223" hits="0"/>
						<line number="2224" hits="0"/>
						<line number="2225" hits="0"/>
						<line number="2226" hits="0"/>
						<line number="2227" hits="0"/>
						<line number="2228" hits="0"/>
						<line number="2229" hits="0"/>
						<line number="2230" hits="0"/>
						<line number="2231" hits="0"/>
						<line number="2232" hits="0"/>
						<line number="2233" hits="0"/>
						<line number="2234" hits="0"/>
						<line number="2235" hits="0"/>
						<line number="2236" hits="0"/>
						<line number="2237" hits="0"/>
						<line number="2238" hits="0"/>
						<line number="2239" hits="0"/>
						<line number="2240" hits="0"/>
						<line number="2241" hits="0"/>
						<line number="2242" hits="0"/>
						<line number="2243" hits="0"/>
						<line number="2244" hits="0"/>
						<line number="2245" hits="0"/>
						<line number="2246" hits="0"/>
						<line number="2247" hits="0"/>
						<line number="2248" hits="0"/>
						<line number="2249" hits="0"/>
						<line number="2250" hits="0"/>
						<line number="2251" hits="0"/>
						<line number="2252" hits="0"/>
						<line number="2253" hits="0"/>
						<line number="2254" hits="0"/>
						<line number="2255" hits="0"/>
						<line number="2256" hits="0"/>
						<line number="2257" hits="0"/>
						<line number="2258" hits="0"/>
						<line number="2259" hits="0"/>
						<line number="2260" hits="0"/>
						<line number="2261" hits="0"/>
						<line number="2262" hits="0"/>
						<line number="2263" hits="0"/>
						<line number="2264" hits="0"/>
						<line number="2265" hits="0"/>
						<line number="2266" hits="0"/>
						<line number="2267" hits="0"/>
						<line number="2268" hits="0"/>
						<line number="2269" hits="0"/>
						<line number="2270" hits="0"/>
						<line number="2271" hits="0"/>
						<line number="2272" hits="0"/>
						<line number="2273" hits="0"/>
						<line number="2274" hits="0"/>
						<line number="2275" hits="0"/>
						<line number="2276" hits="0"/>
						<line number="2277" hits="0"/>
						<line number="2278" hits="0"/>
						<line number="2279" hits="0"/>
						<line number="2280" hits="0"/>
						<line number="2281" hits="0"/>
						<line number="2282" hits="0"/>
						<line number="2283" hits="0"/>
						<line number="2284" hits="0"/>
						<line number="2285" hits="0"/>
						<line number="2286" hits="0"/>
						<line number="2287" hits="0"/>
						<line number="2288" hits="0"/>
						<line number="2289" hits="0"/>
						<line number="2290" hits="0"/>
						<line number="2291" hits="0"/>
						<line number="2292" hits="0"/>
						<line number="2293" hits="0"/>
						<line number="2294" hits="0"/>
						<line number="2295" hits="0"/>
						<line number="2296" hits="0"/>
						<line number="2297" hits="0"/>
						<line number="2298" hits="0"/>
						<line number="2299" hits="0"/>
						<line number="2300" hits="0"/>
						<line number="2301" hits="0"/>
						<line number="2302" hits="0"/>
						<line number="2303" hits="0"/>
						<line number="2304" hits="0"/>
						<line number="2305" hits="0"/>
						<line number="2306" hits="0"/>
						<line number="2307" hits="0"/>
						<line number="2308" hits="0"/>
						<line number="2309" hits="0"/>
						<line number="2310" hits="0"/>
						<line number="2311" hits="0"/>
						<line number="2312" hits="0"/>
						<line number="2313" hits="0"/>
						<line number="2314" hits="0"/>
						<line number="2315" hits="0"/>
						<line number="2316" hits="0"/>
						<line number="2317" hits="0"/>
						<line number="2318" hits="0"/>
						<line number="2319" hits="0"/>
						<line number="2320" hits="0"/>
						<line number="2321" hits="0"/>
						<line number="2322" hits="0"/>
						<line number="2323" hits="0"/>
						<line number="2324" hits="0"/>
						<line number="2325" hits="0"/>
						<line number="2326" hits="0"/>
						<line number="2327" hits="0"/>
						<line number="2328" hits="0"/>
						<line number="2329" hits="0"/>
						<line number="2330" hits="0"/>
						<line number="2331" hits="0"/>
						<line number="2332" hits="0"/>
						<line number="2333" hits="0"/>
						<line number="2334" hits="0"/>
						<line number="2335" hits="0"/>
						<line number="2336" hits="0"/>
						<line number="2337" hits="0"/>
						<line number="2338" hits="0"/>
						<line number="2339" hits="0"/>
						<line number="2340" hits="0"/>
						<line number="2341" hits="0"/>
						<line number="2342" hits="0"/>
						<line number="2343" hits="0"/>
						<line number="2344" hits="0"/>
						<line number="2345" hits="0"/>
						<line number="2346" hits="0"/>
						<line number="2347" hits="0"/>
						<line number="2348" hits="0"/>
						<line number="2349" hits="0"/>
						<line number="2350" hits="0"/>
						<line number="2351" hits="0"/>
						<line number="2352" hits="0"/>
						<line number="2353" hits="0"/>
						<line number="2354" hits="0"/>
						<line number="2355" hits="0"/>
						<line number="2356" hits="0"/>
						<line number="2357" hits="0"/>
						<line number="2358" hits="0"/>
						<line number="2359" hits="0"/>
						<line number="2360" hits="0"/>
						<line number="2361" hits="0"/>
						<line number="2362" hits="0"/>
						<line number="2363" hits="0"/>
						<line number="2364" hits="0"/>
						<line number="2365" hits="0"/>
						<line number="2366" hits="0"/>
						<line number="2367" hits="0"/>
						<line number="2368" hits="0"/>
						<line number="2369" hits="0"/>
						<line number="2370" hits="0"/>
						<line number="2371" hits="0"/>
						<line number="2372" hits="0"/>
						<line number="2373" hits="0"/>
						<line number="2374" hits="0"/>
						<line number="2375" hits="0"/>
						<line number="2376" hits="0"/>
						<line number="2377" hits="0"/>
						<line number="2378" hits="0"/>
						<line number="2379" hits="0"/>
						<line number="2380" hits="0"/>
						<line number="2381" hits="0"/>
						<line number="2382" hits="0"/>
						<line number="2383" hits="0"/>
						<line number="2384" hits="0"/>
						<line number="2385" hits="0"/>
						<line number="2386" hits="0"/>
						<line number="2387" hits="0"/>
						<line number="2388" hits="0"/>
						<line number="2389" hits="0"/>
						<line number="2390" hits="0"/>
						<line number="2391" hits="0"/>
						<line number="2392" hits="0"/>
						<line number="2393" hits="0"/>
						<line number="2394" hits="0"/>
						<line number="2395" hits="0"/>
						<line number="2396" hits="0"/>
						<line number="2397" hits="0"/>
						<line number="2398" hits="0"/>
						<line number="2399" hits="0"/>
						<line number="2400" hits="0"/>
						<line number="2401" hits="0"/>
						<line number="2402" hits="0"/>
						<line number="2403" hits="0"/>
						<line number="2404" hits="0"/>
						<line number="2405" hits="0"/>
						<line number="2406" hits="0"/>
						<line number="2407" hits="0"/>
						<line number="2408" hits="0"/>
						<line number="2409" hits="0"/>
						<line number="2410" hits="0"/>
						<line number="2411" hits="0"/>
						<line number="2412" hits="0"/>
						<line number="2413" hits="0"/>
						<line number="2414" hits="0"/>
						<line number="2415" hits="0"/>
						<line number="2416" hits="0"/>
						<line number="2417" hits="0"/>
						<line number="2418" hits="0"/>
						<line number="2419" hits="0"/>
						<line number="2420" hits="0"/>
						<line number="2421" hits="0"/>
						<line number="2422" hits="0"/>
						<line number="2423" hits="0"/>
						<line number="2424" hits="0"/>
						<line number="2425" hits="0"/>
						<line number="2426" hits="0"/>
						<line number="2427" hits="0"/>
						<line number="2428" hits="0"/>
						<line number="2429" hits="0"/>
						<line number="2430" hits="0"/>
						<line number="2431" hits="0"/>
						<line number="2432" hits="0"/>
						<line number="2433" hits="0"/>
						<line number="2434" hits="0"/>
						<line number="2435" hits="0"/>
						<line number="2436" hits="0"/>
						<line number="2437" hits="0"/>
						<line number="2438" hits="0"/>
						<line number="2439" hits="0"/>
						<line number="2440" hits="0"/>
						<line number="2441" hits="0"/>
						<line number="2442" hits="0"/>
						<line number="2443" hits="0"/>
						<line number="2444" hits="0"/>
						<line number="2445" hits="0"/>
						<line number="2446" hits="0"/>
						<line number="2447" hits="0"/>
						<line number="2448" hits="0"/>
						<line number="2449" hits="0"/>
						<line number="2450" hits="0"/>
						<line number="2451" hits="0"/>
						<line number="2452" hits="0"/>
						<line number="2453" hits="0"/>
						<line number="2454" hits="0"/>
						<line number="2455" hits="0"/>
						<line number="2456" hits="0"/>
						<line number="2457" hits="0"/>
						<line number="2458" hits="0"/>
						<line number="2459" hits="0"/>
						<line number="2460" hits="0"/>
						<line number="2461" hits="0"/>
						<line number="2462" hits="0"/>
						<line number="2463" hits="0"/>
						<line number="2464" hits="0"/>
						<line number="2465" hits="0"/>
						<line number="2466" hits="0"/>
						<line number="2467" hits="0"/>
						<line number="2468" hits="0"/>
						<line number="2469" hits="0"/>
						<line number="2470" hits="0"/>
						<line number="2471" hits="0"/>
						<line number="2472" hits="0"/>
						<line number="2473" hits="0"/>
						<line number="2474" hits="0"/>
						<line number="2475" hits="0"/>
						<line number="2476" hits="0"/>
						<line number="2477" hits="0"/>
						<line number="2478" hits="0"/>
						<line number="2479" hits="0"/>
						<line number="2480" hits="0"/>
						<line number="2481" hits="0"/>
						<line number="2482" hits="0"/>
						<line number="2483" hits="0"/>
						<line number="2484" hits="0"/>
						<line number="2485" hits="0"/>
						<line number="2486" hits="0"/>
						<line number="2487" hits="0"/>
						<line number="2488" hits="0"/>
						<line number="2489" hits="0"/>
						<line number="2490" hits="0"/>
						<line number="2491" hits="0"/>
						<line number="2492" hits="0"/>
						<line number="2493" hits="0"/>
						<line number="2494" hits="0"/>
						<line number="2495" hits="0"/>
						<line number="2496" hits="0"/>
						<line number="2497" hits="0"/>
						<line number="2498" hits="0"/>
						<line number="2499" hits="0"/>
						<line number="2500" hits="0"/>
						<line number="2501" hits="0"/>
						<line number="2502" hits="0"/>
						<line number="2503" hits="0"/>
						<line number="2504" hits="0"/>
						<line number="2505" hits="0"/>
						<line number="2506" hits="0"/>
						<line number="2507" hits="0"/>
						<line number="2508" hits="0"/>
						<line number="2509" hits="0"/>
						<line number="2510" hits="0"/>
						<line number="2511" hits="0"/>
						<line number="2512" hits="0"/>
						<line number="2513" hits="0"/>
						<line number="2514" hits="0"/>
						<line number="2515" hits="0"/>
						<line number="2516" hits="0"/>
						<line number="2517" hits="0"/>
						<line number="2518" hits="0"/>
						<line number="2519" hits="0"/>
						<line number="2520" hits="0"/>
						<line number="2521" hits="0"/>
						<line number="2522" hits="0"/>
						<line number="2523" hits="0"/>
						<line number="2524" hits="0"/>
						<line number="2525" hits="0"/>
						<line number="2526" hits="0"/>
						<line number="2527" hits="0"/>
						<line number="2528" hits="0"/>
						<line number="2529" hits="0"/>
						<line number="2530" hits="0"/>
						<line number="2531" hits="0"/>
						<line number="2532" hits="0"/>
						<line number="2533" hits="0"/>
						<line number="2534" hits="0"/>
						<line number="2535" hits="0"/>
						<line number="2536" hits="0"/>
						<line number="2537" hits="0"/>
						<line number="2538" hits="0"/>
						<line number="2539" hits="0"/>
						<line number="2540" hits="0"/>
						<line number="2541" hits="0"/>
						<line number="2542" hits="0"/>
						<line number="2543" hits="0"/>
						<line number="2544" hits="0"/>
						<line number="2546" hits="0"/>
						<line number="2549" hits="0"/>
						<line number="2550" hits="0"/>
						<line number="2551" hits="0"/>
						<line number="2555" hits="0"/>
						<line number="2556" hits="0"/>
						<line number="2557" hits="0"/>
						<line number="2561" hits="1"/>
						<line number="2562" hits="1"/>
						<line number="2567" hits="0"/>
						<line number="2568" hits="0"/>
						<line number="2574" hits="0"/>
						<line number="2581" hits="0"/>
						<line number="2582" hits="0"/>
						<line number="2588" hits="0"/>
						<line number="2599" hits="0"/>
						<line number="2600" hits="0"/>
						<line number="2606" hits="0"/>
						<line number="2646" hits="0"/>
						<line number="2647" hits="0"/>
						<line number="2653" hits="0"/>
						<line number="2664" hits="0"/>
						<line number="2665" hits="0"/>
						<line number="2671" hits="0"/>
						<line number="2682" hits="0"/>
						<line number="2683" hits="0"/>
						<line number="2689" hits="0"/>
						<line number="2696" hits="0"/>
						<line number="2697" hits="0"/>
						<line number="2703" hits="0"/>
						<line number="2713" hits="0"/>
						<line number="2714" hits="0"/>
						<line number="2720" hits="0"/>
						<line number="2727" hits="0"/>
						<line number="2728" hits="0"/>
						<line number="2734" hits="0"/>
						<line number="2742" hits="0"/>
						<line number="2743" hits="0"/>
						<line number="2749" hits="0"/>
						<line number="2756" hits="0"/>
						<line number="2757" hits="0"/>
						<line number="2763" hits="0"/>
						<line number="2773" hits="0"/>
						<line number="2774" hits="0"/>
						<line number="2780" hits="0"/>
						<line number="2787" hits="0"/>
						<line number="2788" hits="0"/>
						<line number="2794" hits="0"/>
						<line number="3081" hits="0"/>
						<line number="3082" hits="0"/>
						<line number="3088" hits="0"/>
						<line number="3291" hits="0"/>
						<line number="3292" hits="0"/>
						<line number="3298" hits="0"/>
						<line number="3554" hits="0"/>
						<line number="3555" hits="0"/>
						<line number="3561" hits="0"/>
						<line number="3568" hits="0"/>
						<line number="3569" hits="0"/>
						<line number="3575" hits="0"/>
						<line number="3582" hits="0"/>
						<line number="3583" hits="0"/>
						<line number="3589" hits="0"/>
						<line number="3600" hits="0"/>
						<line number="3601" hits="0"/>
						<line number="3607" hits="0"/>
						<line number="3618" hits="0"/>
						<line number="3619" hits="0"/>
						<line number="3625" hits="0"/>
						<line number="3635" hits="0"/>
						<line number="3636" hits="0"/>
						<line number="3642" hits="0"/>
						<line number="3834" hits="0"/>
						<line number="3835" hits="0"/>
						<line number="3841" hits="0"/>
						<line number="3848" hits="0"/>
						<line number="3849" hits="0"/>
						<line number="3855" hits="0"/>
						<line number="3862" hits="0"/>
						<line number="3863" hits="0"/>
						<line number="3869" hits="0"/>
						<line number="3876" hits="0"/>
						<line number="3877" hits="0"/>
						<line number="3883" hits="0"/>
						<line number="3895" hits="0"/>
						<line number="3896" hits="0"/>
						<line number="3902" hits="0"/>
						<line number="3943" hits="0"/>
						<line number="3944" hits="0"/>
						<line number="3950" hits="0"/>
						<line number="3961" hits="0"/>
						<line number="3962" hits="0"/>
						<line number="3968" hits="0"/>
						<line number="4009" hits="0"/>
						<line number="4010" hits="0"/>
						<line number="4016" hits="0"/>
						<line number="4023" hits="0"/>
						<line number="4024" hits="0"/>
						<line number="4030" hits="0"/>
						<line number="4040" hits="0"/>
						<line number="4041" hits="0"/>
						<line number="4047" hits="0"/>
						<line number="4057" hits="0"/>
						<line number="4058" hits="0"/>
						<line number="4064" hits="0"/>
						<line number="4074" hits="0"/>
						<line number="4075" hits="0"/>
						<line number="4081" hits="0"/>
						<line number="4088" hits="0"/>
						<line number="4089" hits="0"/>
						<line number="4095" hits="0"/>
						<line number="4105" hits="0"/>
						<line number="4106" hits="0"/>
						<line number="4112" hits="0"/>
						<line number="4119" hits="0"/>
						<line number="4120" hits="0"/>
						<line number="4126" hits="0"/>
						<line number="4133" hits="0"/>
						<line number="4134" hits="0"/>
						<line number="4140" hits="0"/>
						<line number="4150" hits="0"/>
						<line number="4151" hits="0"/>
						<line number="4157" hits="0"/>
						<line number="4164" hits="0"/>
						<line number="4165" hits="0"/>
						<line number="4171" hits="0"/>
						<line number="4183" hits="0"/>
						<line number="4184" hits="0"/>
						<line number="4190" hits="0"/>
						<line number="4202" hits="0"/>
						<line number="4203" hits="0"/>
						<line number="4209" hits="0"/>
						<line number="4220" hits="0"/>
						<line number="4221" hits="0"/>
						<line number="4227" hits="0"/>
						<line number="4236" hits="0"/>
						<line number="4237" hits="0"/>
						<line number="4243" hits="0"/>
						<line number="4254" hits="0"/>
						<line number="4255" hits="0"/>
						<line number="4261" hits="0"/>
						<line number="4270" hits="0"/>
						<line number="4271" hits="0"/>
						<line number="4277" hits="0"/>
						<line number="4287" hits="0"/>
						<line number="4288" hits="0"/>
						<line number="4294" hits="0"/>
						<line number="4301" hits="0"/>
						<line number="4302" hits="0"/>
						<line number="4308" hits="0"/>
						<line number="4315" hits="0"/>
						<line number="4316" hits="0"/>
						<line number="4322" hits="0"/>
						<line number="4332" hits="0"/>
						<line number="4333" hits="0"/>
						<line number="4339" hits="0"/>
						<line number="4349" hits="0"/>
						<line number="4350" hits="0"/>
						<line number="4356" hits="0"/>
						<line number="4363" hits="0"/>
						<line number="4364" hits="0"/>
						<line number="4370" hits="0"/>
						<line number="4408" hits="0"/>
						<line number="4409" hits="0"/>
						<line number="4415" hits="0"/>
						<line number="4455" hits="0"/>
						<line number="4456" hits="0"/>
						<line number="4462" hits="0"/>
						<line number="4521" hits="0"/>
						<line number="4522" hits="0"/>
						<line number="4528" hits="0"/>
						<line number="4803" hits="0"/>
						<line number="4804" hits="0"/>
						<line number="4810" hits="0"/>
						<line number="5085" hits="0"/>
						<line number="5086" hits="0"/>
						<line number="5092" hits="0"/>
						<line number="5102" hits="0"/>
						<line number="5103" hits="0"/>
						<line number="5109" hits="0"/>
						<line number="5119" hits="0"/>
						<line number="5120" hits="0"/>
						<line number="5126" hits="0"/>
						<line number="5183" hits="0"/>
						<line number="5184" hits="0"/>
						<line number="5190" hits="0"/>
						<line number="5257" hits="0"/>
						<line number="5258" hits="0"/>
						<line number="5264" hits="0"/>
						<line number="5331" hits="0"/>
						<line number="5332" hits="0"/>
						<line number="5338" hits="0"/>
						<line number="5405" hits="0"/>
						<line number="5406" hits="0"/>
						<line number="5412" hits="0"/>
						<line number="5479" hits="0"/>
						<line number="5480" hits="0"/>
						<line number="5486" hits="0"/>
						<line number="5551" hits="0"/>
						<line number="5552" hits="0"/>
						<line number="5558" hits="0"/>
						<line number="5626" hits="0"/>
						<line number="5627" hits="0"/>
						<line number="5633" hits="0"/>
						<line number="5700" hits="0"/>
						<line number="5701" hits="0"/>
						<line number="5707" hits="0"/>
						<line number="5774" hits="0"/>
						<line number="5775" hits="0"/>
						<line number="5781" hits="0"/>
						<line number="5846" hits="0"/>
						<line number="5847" hits="0"/>
						<line number="5853" hits="0"/>
						<line number="5921" hits="0"/>
						<line number="5922" hits="0"/>
						<line number="5928" hits="0"/>
						<line number="5996" hits="0"/>
						<line number="5997" hits="0"/>
						<line number="6003" hits="0"/>
						<line number="6072" hits="0"/>
						<line number="6073" hits="0"/>
						<line number="6079" hits="0"/>
						<line number="6146" hits="0"/>
						<line number="6147" hits="0"/>
						<line number="6153" hits="0"/>
						<line number="6163" hits="0"/>
						<line number="6164" hits="0"/>
						<line number="6170" hits="0"/>
						<line number="6429" hits="0"/>
						<line number="6430" hits="0"/>
						<line number="6436" hits="0"/>
						<line number="6444" hits="0"/>
						<line number="6445" hits="0"/>
						<line number="6451" hits="0"/>
						<line number="6726" hits="0"/>
						<line number="6727" hits="0"/>
						<line number="6733" hits="0"/>
						<line number="6800" hits="0"/>
						<line number="6801" hits="0"/>
						<line number="6807" hits="0"/>
						<line number="6876" hits="0"/>
						<line number="6877" hits="0"/>
						<line number="6883" hits="0"/>
						<line number="6904" hits="0"/>
						<line number="6905" hits="0"/>
						<line number="6911" hits="0"/>
						<line number="6946" hits="0"/>
						<line number="6947" hits="0"/>
						<line number="6953" hits="0"/>
						<line number="7057" hits="0"/>
						<line number="7058" hits="0"/>
						<line number="7064" hits="0"/>
						<line number="7074" hits="0"/>
						<line number="7075" hits="0"/>
						<line number="7081" hits="0"/>
						<line number="7120" hits="0"/>
						<line number="7121" hits="0"/>
						<line number="7127" hits="0"/>
						<line number="7137" hits="0"/>
						<line number="7138" hits="0"/>
						<line number="7144" hits="0"/>
						<line number="7425" hits="0"/>
						<line number="7426" hits="0"/>
						<line number="7432" hits="0"/>
						<line number="7499" hits="0"/>
						<line number="7500" hits="0"/>
						<line number="7506" hits="0"/>
						<line number="7773" hits="0"/>
						<line number="7774" hits="0"/>
						<line number="7780" hits="0"/>
						<line number="7877" hits="0"/>
						<line number="7878" hits="0"/>
						<line number="7884" hits="0"/>
						<line number="7932" hits="0"/>
						<line number="7933" hits="0"/>
						<line number="7939" hits="0"/>
						<line number="7950" hits="0"/>
						<line number="7951" hits="0"/>
						<line number="7957" hits="0"/>
						<line number="8024" hits="0"/>
						<line number="8025" hits="0"/>
						<line number="8031" hits="0"/>
						<line number="8039" hits="0"/>
						<line number="8040" hits="0"/>
						<line number="8046" hits="0"/>
						<line number="8054" hits="0"/>
						<line number="8055" hits="0"/>
						<line number="8061" hits="0"/>
						<line number="8427" hits="0"/>
						<line number="8428" hits="0"/>
						<line number="8434" hits="0"/>
						<line number="8500" hits="0"/>
						<line number="8501" hits="0"/>
						<line number="8507" hits="0"/>
						<line number="8728" hits="0"/>
						<line number="8729" hits="0"/>
						<line number="8735" hits="0"/>
						<line number="8743" hits="0"/>
						<line number="8744" hits="0"/>
						<line number="8750" hits="0"/>
						<line number="8817" hits="0"/>
						<line number="8818" hits="0"/>
						<line number="8824" hits="0"/>
						<line number="8840" hits="0"/>
						<line number="8841" hits="0"/>
						<line number="8847" hits="0"/>
						<line number="8864" hits="0"/>
						<line number="8865" hits="0"/>
						<line number="8871" hits="0"/>
						<line number="8966" hits="0"/>
						<line number="8967" hits="0"/>
						<line number="8973" hits="0"/>
						<line number="8983" hits="0"/>
						<line number="8984" hits="0"/>
						<line number="8990" hits="0"/>
						<line number="9030" hits="0"/>
						<line number="9031" hits="0"/>
						<line number="9037" hits="0"/>
						<line number="9136" hits="0"/>
						<line number="9137" hits="0"/>
						<line number="9143" hits="0"/>
						<line number="9207" hits="0"/>
						<line number="9208" hits="0"/>
						<line number="9214" hits="0"/>
						<line number="9502" hits="0"/>
						<line number="9503" hits="0"/>
						<line number="9509" hits="0"/>
						<line number="9780" hits="0"/>
						<line number="9781" hits="0"/>
						<line number="9787" hits="0"/>
						<line number="9797" hits="0"/>
						<line number="9798" hits="0"/>
						<line number="9804" hits="0"/>
						<line number="10084" hits="0"/>
						<line number="10085" hits="0"/>
						<line number="10091" hits="0"/>
						<line number="10130" hits="0"/>
						<line number="10131" hits="0"/>
						<line number="10137" hits="0"/>
						<line number="10148" hits="0"/>
						<line number="10149" hits="0"/>
						<line number="10155" hits="0"/>
						<line number="10434" hits="0"/>
						<line number="10435" hits="0"/>
						<line number="10441" hits="0"/>
						<line number="10590" hits="0"/>
						<line number="10591" hits="0"/>
						<line number="10597" hits="0"/>
						<line number="10826" hits="0"/>
						<line number="10827" hits="0"/>
						<line number="10833" hits="0"/>
						<line number="10878" hits="0"/>
						<line number="10879" hits="0"/>
						<line number="10885" hits="0"/>
						<line number="11155" hits="0"/>
						<line number="11156" hits="0"/>
						<line number="11162" hits="0"/>
						<line number="11410" hits="0"/>
						<line number="11411" hits="0"/>
						<line number="11417" hits="0"/>
						<line number="11751" hits="0"/>
						<line number="11752" hits="0"/>
						<line number="11758" hits="0"/>
						<line number="12003" hits="0"/>
						<line number="12004" hits="0"/>
						<line number="12010" hits="0"/>
						<line number="12020" hits="0"/>
						<line number="12021" hits="0"/>
						<line number="12027" hits="0"/>
						<line number="12037" hits="0"/>
						<line number="12038" hits="0"/>
						<line number="12044" hits="0"/>
						<line number="12059" hits="0"/>
						<line number="12060" hits="0"/>
						<line number="12066" hits="0"/>
						<line number="12076" hits="0"/>
						<line number="12077" hits="0"/>
						<line number="12083" hits="0"/>
						<line number="12093" hits="0"/>
						<line number="12094" hits="0"/>
						<line number="12100" hits="0"/>
						<line number="12458" hits="0"/>
						<line number="12459" hits="0"/>
						<line number="12465" hits="0"/>
						<line number="12751" hits="0"/>
						<line number="12752" hits="0"/>
						<line number="12758" hits="0"/>
						<line number="12779" hits="0"/>
						<line number="12780" hits="0"/>
						<line number="12786" hits="0"/>
						<line number="13015" hits="0"/>
						<line number="13016" hits="0"/>
						<line number="13022" hits="0"/>
						<line number="13306" hits="0"/>
						<line number="13307" hits="0"/>
						<line number="13313" hits="0"/>
						<line number="13546" hits="0"/>
						<line number="13547" hits="0"/>
						<line number="13553" hits="0"/>
						<line number="13799" hits="0"/>
						<line number="13800" hits="0"/>
						<line number="13806" hits="0"/>
						<line number="14034" hits="0"/>
						<line number="14035" hits="0"/>
						<line number="14041" hits="0"/>
						<line number="14252" hits="0"/>
						<line number="14253" hits="0"/>
						<line number="14259" hits="0"/>
						<line number="14490" hits="0"/>
						<line number="14491" hits="0"/>
						<line number="14497" hits="0"/>
						<line number="14734" hits="0"/>
						<line number="14735" hits="0"/>
						<line number="14741" hits="0"/>
						<line number="14970" hits="0"/>
						<line number="14971" hits="0"/>
						<line number="14977" hits="0"/>
						<line number="15240" hits="0"/>
						<line number="15241" hits="0"/>
						<line number="15247" hits="0"/>
						<line number="15512" hits="0"/>
						<line number="15513" hits="0"/>
						<line number="15519" hits="0"/>
						<line number="15547" hits="0"/>
						<line number="15548" hits="0"/>
						<line number="15554" hits="0"/>
						<line number="15619" hits="0"/>
						<line number="15620" hits="0"/>
						<line number="15626" hits="0"/>
						<line number="15900" hits="0"/>
						<line number="15901" hits="0"/>
						<line number="15907" hits="0"/>
						<line number="16215" hits="0"/>
						<line number="16216" hits="0"/>
						<line number="16222" hits="0"/>
						<line number="16500" hits="0"/>
						<line number="16501" hits="0"/>
						<line number="16507" hits="0"/>
						<line number="16791" hits="0"/>
						<line number="16792" hits="0"/>
						<line number="16798" hits="0"/>
						<line number="16808" hits="0"/>
						<line number="16809" hits="0"/>
						<line number="16815" hits="0"/>
						<line number="16824" hits="0"/>
						<line number="16825" hits="0"/>
						<line number="16831" hits="0"/>
						<line number="16853" hits="0"/>
						<line number="16854" hits="0"/>
						<line number="16860" hits="0"/>
						<line number="17176" hits="0"/>
						<line number="17177" hits="0"/>
						<line number="17183" hits="0"/>
						<line number="17491" hits="0"/>
						<line number="17492" hits="0"/>
						<line number="17498" hits="0"/>
						<line number="17508" hits="0"/>
						<line number="17509" hits="0"/>
						<line number="17515" hits="0"/>
						<line number="17562" hits="0"/>
						<line number="17563" hits="0"/>
						<line number="17569" hits="0"/>
						<line number="17591" hits="0"/>
						<line number="17592" hits="0"/>
						<line number="17598" hits="0"/>
						<line number="17635" hits="0"/>
						<line number="17636" hits="0"/>
						<line number="17642" hits="0"/>
						<line number="17652" hits="0"/>
						<line number="17653" hits="0"/>
						<line number="17659" hits="0"/>
						<line number="17669" hits="0"/>
						<line number="17670" hits="0"/>
						<line number="17676" hits="0"/>
						<line number="17893" hits="0"/>
						<line number="17894" hits="0"/>
						<line number="17900" hits="0"/>
						<line number="17969" hits="0"/>
						<line number="17970" hits="0"/>
						<line number="17976" hits="0"/>
						<line number="18043" hits="0"/>
						<line number="18044" hits="0"/>
						<line number="18050" hits="0"/>
						<line number="18323" hits="0"/>
						<line number="18324" hits="0"/>
						<line number="18330" hits="0"/>
						<line number="18393" hits="0"/>
						<line number="18394" hits="0"/>
						<line number="18400" hits="0"/>
						<line number="18611" hits="0"/>
						<line number="18612" hits="0"/>
						<line number="18618" hits="0"/>
						<line number="18692" hits="0"/>
						<line number="18693" hits="0"/>
						<line number="18699" hits="0"/>
						<line number="18933" hits="0"/>
						<line number="18934" hits="0"/>
						<line number="18940" hits="0"/>
						<line number="19277" hits="0"/>
						<line number="19278" hits="0"/>
						<line number="19284" hits="0"/>
						<line number="19347" hits="0"/>
						<line number="19348" hits="0"/>
						<line number="19354" hits="0"/>
						<line number="19446" hits="0"/>
						<line number="19447" hits="0"/>
						<line number="19453" hits="0"/>
						<line number="19816" hits="0"/>
						<line number="19817" hits="0"/>
						<line number="19823" hits="0"/>
						<line number="19833" hits="0"/>
						<line number="19834" hits="0"/>
						<line number="19840" hits="0"/>
						<line number="20203" hits="0"/>
						<line number="20204" hits="0"/>
						<line number="20210" hits="0"/>
						<line number="20576" hits="0"/>
						<line number="20577" hits="0"/>
						<line number="20583" hits="0"/>
						<line number="20946" hits="0"/>
						<line number="20947" hits="0"/>
						<line number="20953" hits="0"/>
						<line number="21228" hits="0"/>
						<line number="21229" hits="0"/>
						<line number="21235" hits="0"/>
						<line number="21280" hits="0"/>
						<line number="21281" hits="0"/>
						<line number="21287" hits="0"/>
						<line number="21567" hits="0"/>
						<line number="21568" hits="0"/>
						<line number="21574" hits="0"/>
						<line number="21854" hits="0"/>
						<line number="21855" hits="0"/>
						<line number="21861" hits="0"/>
						<line number="22141" hits="0"/>
						<line number="22142" hits="0"/>
						<line number="22148" hits="0"/>
						<line number="22396" hits="0"/>
						<line number="22397" hits="0"/>
						<line number="22403" hits="0"/>
						<line number="22623" hits="0"/>
						<line number="22624" hits="0"/>
						<line number="22630" hits="0"/>
						<line number="22638" hits="0"/>
						<line number="22639" hits="0"/>
						<line number="22645" hits="0"/>
						<line number="22910" hits="0"/>
						<line number="22911" hits="0"/>
						<line number="22917" hits="0"/>
						<line number="22927" hits="0"/>
						<line number="22928" hits="0"/>
						<line number="22934" hits="0"/>
						<line number="22951" hits="0"/>
						<line number="22952" hits="0"/>
						<line number="22958" hits="0"/>
						<line number="23174" hits="0"/>
						<line number="23175" hits="0"/>
						<line number="23181" hits="0"/>
						<line number="23191" hits="0"/>
						<line number="23192" hits="0"/>
						<line number="23198" hits="0"/>
						<line number="23235" hits="0"/>
						<line number="23236" hits="0"/>
						<line number="23242" hits="0"/>
						<line number="23277" hits="0"/>
						<line number="23278" hits="0"/>
						<line number="23284" hits="0"/>
						<line number="23294" hits="0"/>
						<line number="23295" hits="0"/>
						<line number="23301" hits="0"/>
						<line number="23424" hits="0"/>
						<line number="23425" hits="0"/>
						<line number="23431" hits="0"/>
						<line number="23747" hits="0"/>
						<line number="23748" hits="0"/>
						<line number="23754" hits="0"/>
						<line number="24017" hits="0"/>
						<line number="24018" hits="0"/>
						<line number="24024" hits="0"/>
						<line number="24069" hits="0"/>
						<line number="24070" hits="0"/>
						<line number="24076" hits="0"/>
						<line number="24135" hits="0"/>
						<line number="24136" hits="0"/>
						<line number="24142" hits="0"/>
						<line number="24405" hits="0"/>
						<line number="24406" hits="0"/>
						<line number="24412" hits="0"/>
						<line number="24449" hits="0"/>
						<line number="24450" hits="0"/>
						<line number="24456" hits="0"/>
						<line number="24523" hits="0"/>
						<line number="24524" hits="0"/>
						<line number="24530" hits="0"/>
						<line number="24809" hits="0"/>
						<line number="24810" hits="0"/>
						<line number="24816" hits="0"/>
						<line number="24852" hits="0"/>
						<line number="24853" hits="0"/>
						<line number="24859" hits="0"/>
						<line number="25148" hits="0"/>
						<line number="25149" hits="0"/>
						<line number="25155" hits="0"/>
						<line number="25178" hits="0"/>
						<line number="25179" hits="0"/>
						<line number="25185" hits="0"/>
						<line number="25282" hits="0"/>
						<line number="25283" hits="0"/>
						<line number="25289" hits="0"/>
						<line number="25536" hits="0"/>
						<line number="25537" hits="0"/>
						<line number="25543" hits="0"/>
						<line number="25831" hits="0"/>
						<line number="25832" hits="0"/>
						<line number="25838" hits="0"/>
						<line number="26112" hits="0"/>
						<line number="26113" hits="0"/>
						<line number="26119" hits="0"/>
						<line number="26129" hits="0"/>
						<line number="26130" hits="0"/>
						<line number="26136" hits="0"/>
						<line number="26505" hits="0"/>
						<line number="26506" hits="0"/>
						<line number="26512" hits="0"/>
						<line number="26522" hits="0"/>
						<line number="26523" hits="0"/>
						<line number="26529" hits="0"/>
						<line number="26539" hits="0"/>
						<line number="26540" hits="0"/>
						<line number="26546" hits="0"/>
						<line number="26556" hits="0"/>
						<line number="26557" hits="0"/>
						<line number="26563" hits="0"/>
						<line number="26573" hits="0"/>
						<line number="26574" hits="0"/>
						<line number="26580" hits="0"/>
						<line number="26609" hits="0"/>
						<line number="26610" hits="0"/>
						<line number="26616" hits="0"/>
						<line number="26629" hits="0"/>
						<line number="26630" hits="0"/>
						<line number="26636" hits="0"/>
						<line number="26861" hits="0"/>
						<line number="26862" hits="0"/>
						<line number="26868" hits="0"/>
						<line number="27231" hits="0"/>
						<line number="27232" hits="0"/>
						<line number="27238" hits="0"/>
						<line number="27517" hits="0"/>
						<line number="27518" hits="0"/>
						<line number="27524" hits="0"/>
						<line number="27887" hits="0"/>
						<line number="27888" hits="0"/>
						<line number="27894" hits="0"/>
						<line number="27904" hits="0"/>
						<line number="27905" hits="0"/>
						<line number="27911" hits="0"/>
						<line number="28231" hits="0"/>
						<line number="28232" hits="0"/>
						<line number="28238" hits="0"/>
						<line number="28248" hits="0"/>
						<line number="28249" hits="0"/>
						<line number="28255" hits="0"/>
						<line number="28354" hits="0"/>
						<line number="28355" hits="0"/>
						<line number="28361" hits="0"/>
						<line number="28677" hits="0"/>
						<line number="28678" hits="0"/>
						<line number="28684" hits="0"/>
						<line number="28958" hits="0"/>
						<line number="28959" hits="0"/>
						<line number="28965" hits="0"/>
						<line number="29245" hits="0"/>
						<line number="29246" hits="0"/>
						<line number="29252" hits="0"/>
						<line number="29270" hits="0"/>
						<line number="29271" hits="0"/>
						<line number="29277" hits="0"/>
						<line number="29290" hits="0"/>
						<line number="29291" hits="0"/>
						<line number="29297" hits="0"/>
						<line number="29305" hits="0"/>
						<line number="29306" hits="0"/>
						<line number="29312" hits="0"/>
						<line number="29586" hits="0"/>
						<line number="29587" hits="0"/>
						<line number="29593" hits="0"/>
						<line number="29601" hits="0"/>
						<line number="29602" hits="0"/>
						<line number="29608" hits="0"/>
						<line number="29894" hits="0"/>
						<line number="29895" hits="0"/>
						<line number="29901" hits="0"/>
						<line number="29989" hits="0"/>
						<line number="29990" hits="0"/>
						<line number="29996" hits="0"/>
						<line number="30003" hits="0"/>
						<line number="30004" hits="0"/>
						<line number="30010" hits="0"/>
						<line number="30296" hits="0"/>
						<line number="30297" hits="0"/>
						<line number="30303" hits="0"/>
						<line number="30310" hits="0"/>
						<line number="30311" hits="0"/>
						<line number="30317" hits="0"/>
						<line number="30514" hits="0"/>
						<line number="30515" hits="0"/>
						<line number="30521" hits="0"/>
						<line number="30528" hits="0"/>
						<line number="30529" hits="0"/>
						<line number="30535" hits="0"/>
						<line number="30808" hits="0"/>
						<line number="30809" hits="0"/>
						<line number="30815" hits="0"/>
						<line number="30822" hits="0"/>
						<line number="30823" hits="0"/>
						<line number="30829" hits="0"/>
						<line number="30886" hits="0"/>
						<line number="30887" hits="0"/>
						<line number="30893" hits="0"/>
						<line number="30986" hits="0"/>
						<line number="30987" hits="0"/>
						<line number="30993" hits="0"/>
						<line number="31063" hits="0"/>
						<line number="31064" hits="0"/>
						<line number="31070" hits="0"/>
						<line number="31127" hits="0"/>
						<line number="31128" hits="0"/>
						<line number="31134" hits="0"/>
						<line number="31191" hits="0"/>
						<line number="31192" hits="0"/>
						<line number="31198" hits="0"/>
						<line number="31229" hits="0"/>
						<line number="31230" hits="0"/>
						<line number="31236" hits="0"/>
						<line number="31267" hits="0"/>
						<line number="31268" hits="0"/>
						<line number="31274" hits="0"/>
						<line number="31330" hits="0"/>
						<line number="31331" hits="0"/>
						<line number="31337" hits="0"/>
						<line number="31397" hits="0"/>
						<line number="31398" hits="0"/>
						<line number="31404" hits="0"/>
						<line number="31412" hits="0"/>
						<line number="31413" hits="0"/>
						<line number="31419" hits="0"/>
						<line number="31491" hits="0"/>
						<line number="31492" hits="0"/>
						<line number="31498" hits="0"/>
						<line number="31506" hits="0"/>
						<line number="31507" hits="0"/>
						<line number="31513" hits="0"/>
						<line number="31586" hits="0"/>
						<line number="31587" hits="0"/>
						<line number="31593" hits="0"/>
						<line number="31864" hits="0"/>
						<line number="31865" hits="0"/>
						<line number="31871" hits="0"/>
						<line number="31929" hits="0"/>
						<line number="31930" hits="0"/>
						<line number="31936" hits="0"/>
						<line number="31960" hits="0"/>
						<line number="31961" hits="0"/>
						<line number="31967" hits="0"/>
						<line number="31980" hits="0"/>
						<line number="31981" hits="0"/>
						<line number="31987" hits="0"/>
						<line number="32059" hits="0"/>
						<line number="32060" hits="0"/>
						<line number="32066" hits="0"/>
						<line number="32123" hits="0"/>
						<line number="32124" hits="0"/>
						<line number="32130" hits="0"/>
						<line number="32165" hits="0"/>
						<line number="32166" hits="0"/>
						<line number="32172" hits="0"/>
						<line number="32207" hits="0"/>
						<line number="32208" hits="0"/>
						<line number="32214" hits="0"/>
						<line number="32228" hits="0"/>
						<line number="32229" hits="0"/>
						<line number="32235" hits="0"/>
						<line number="32248" hits="0"/>
						<line number="32249" hits="0"/>
						<line number="32255" hits="0"/>
						<line number="32382" hits="0"/>
						<line number="32383" hits="0"/>
						<line number="32389" hits="0"/>
						<line number="32402" hits="0"/>
						<line number="32403" hits="0"/>
						<line number="32409" hits="0"/>
						<line number="32419" hits="0"/>
						<line number="32420" hits="0"/>
						<line number="32426" hits="0"/>
						<line number="32433" hits="0"/>
						<line number="32434" hits="0"/>
						<line number="32440" hits="0"/>
						<line number="32470" hits="0"/>
						<line number="32471" hits="0"/>
						<line number="32477" hits="0"/>
						<line number="32734" hits="0"/>
						<line number="32735" hits="0"/>
						<line number="32741" hits="0"/>
						<line number="33077" hits="0"/>
						<line number="33078" hits="0"/>
						<line number="33084" hits="0"/>
						<line number="33119" hits="0"/>
						<line number="33120" hits="0"/>
						<line number="33126" hits="0"/>
						<line number="33464" hits="0"/>
						<line number="33465" hits="0"/>
						<line number="33471" hits="0"/>
						<line number="33486" hits="0"/>
						<line number="33487" hits="0"/>
						<line number="33493" hits="0"/>
						<line number="33568" hits="0"/>
						<line number="33569" hits="0"/>
						<line number="33575" hits="0"/>
						<line number="33631" hits="0"/>
						<line number="33632" hits="0"/>
						<line number="33638" hits="0"/>
						<line number="33710" hits="0"/>
						<line number="33711" hits="0"/>
						<line number="33717" hits="0"/>
						<line number="33838" hits="0"/>
						<line number="33839" hits="0"/>
						<line number="33845" hits="0"/>
						<line number="33859" hits="0"/>
						<line number="33860" hits="0"/>
						<line number="33866" hits="0"/>
						<line number="33875" hits="0"/>
						<line number="33876" hits="0"/>
						<line number="33882" hits="0"/>
						<line number="34161" hits="0"/>
						<line number="34162" hits="0"/>
						<line number="34168" hits="0"/>
						<line number="34176" hits="0"/>
						<line number="34177" hits="0"/>
						<line number="34183" hits="0"/>
						<line number="34253" hits="0"/>
						<line number="34254" hits="0"/>
						<line number="34260" hits="0"/>
						<line number="34277" hits="0"/>
						<line number="34278" hits="0"/>
						<line number="34284" hits="0"/>
						<line number="34291" hits="0"/>
						<line number="34292" hits="0"/>
						<line number="34298" hits="0"/>
						<line number="34306" hits="1"/>
						<line number="34307" hits="1"/>
						<line number="34313" hits="1"/>
						<line number="34321" hits="0"/>
						<line number="34322" hits="0"/>
						<line number="34328" hits="0"/>
						<line number="34401" hits="0"/>
						<line number="34402" hits="0"/>
						<line number="34408" hits="0"/>
						<line number="34421" hits="0"/>
						<line number="34422" hits="0"/>
						<line number="34428" hits="0"/>
						<line number="34499" hits="0"/>
						<line number="34500" hits="0"/>
						<line number="34506" hits="0"/>
						<line number="34520" hits="0"/>
						<line number="34521" hits="0"/>
						<line number="34527" hits="0"/>
						<line number="34551" hits="0"/>
						<line number="34552" hits="0"/>
						<line number="34558" hits="0"/>
						<line number="34565" hits="0"/>
						<line number="34566" hits="0"/>
						<line number="34572" hits="0"/>
						<line number="34649" hits="0"/>
						<line number="34650" hits="0"/>
						<line number="34656" hits="0"/>
						<line number="34733" hits="0"/>
						<line number="34734" hits="0"/>
						<line number="34740" hits="0"/>
						<line number="34812" hits="0"/>
						<line number="34813" hits="0"/>
						<line number="34819" hits="0"/>
						<line number="34829" hits="0"/>
						<line number="34830" hits="0"/>
						<line number="34836" hits="0"/>
						<line number="34852" hits="0"/>
						<line number="34853" hits="0"/>
						<line number="34859" hits="0"/>
						<line number="34866" hits="0"/>
						<line number="34867" hits="0"/>
						<line number="34873" hits="0"/>
						<line number="35130" hits="0"/>
						<line number="35131" hits="0"/>
						<line number="35137" hits="0"/>
						<line number="35207" hits="0"/>
						<line number="35208" hits="0"/>
						<line number="35214" hits="0"/>
						<line number="35287" hits="0"/>
						<line number="35288" hits="0"/>
						<line number="35294" hits="0"/>
						<line number="35365" hits="0"/>
						<line number="35366" hits="0"/>
						<line number="35372" hits="0"/>
						<line number="35429" hits="0"/>
						<line number="35430" hits="0"/>
						<line number="35436" hits="0"/>
						<line number="35444" hits="0"/>
						<line number="35445" hits="0"/>
						<line number="35451" hits="0"/>
						<line number="35465" hits="0"/>
						<line number="35466" hits="0"/>
						<line number="35472" hits="0"/>
						<line number="35483" hits="0"/>
						<line number="35484" hits="0"/>
						<line number="35490" hits="0"/>
						<line number="35498" hits="0"/>
						<line number="35499" hits="0"/>
						<line number="35505" hits="0"/>
						<line number="35562" hits="0"/>
						<line number="35563" hits="0"/>
						<line number="35569" hits="0"/>
						<line number="35627" hits="0"/>
						<line number="35628" hits="0"/>
						<line number="35634" hits="0"/>
						<line number="35644" hits="0"/>
						<line number="35645" hits="0"/>
						<line number="35651" hits="0"/>
						<line number="35658" hits="0"/>
						<line number="35659" hits="0"/>
						<line number="35665" hits="0"/>
						<line number="35680" hits="0"/>
						<line number="35681" hits="0"/>
						<line number="35687" hits="0"/>
						<line number="35759" hits="0"/>
						<line number="35760" hits="0"/>
						<line number="35766" hits="0"/>
						<line number="35796" hits="0"/>
						<line number="35797" hits="0"/>
						<line number="35803" hits="0"/>
						<line number="35838" hits="0"/>
						<line number="35839" hits="0"/>
						<line number="35845" hits="0"/>
						<line number="35880" hits="0"/>
						<line number="35881" hits="0"/>
						<line number="35887" hits="0"/>
						<line number="35901" hits="0"/>
						<line number="35902" hits="0"/>
						<line number="35908" hits="0"/>
						<line number="35979" hits="0"/>
						<line number="35980" hits="0"/>
						<line number="35986" hits="0"/>
						<line number="36033" hits="0"/>
						<line number="36034" hits="0"/>
						<line number="36040" hits="0"/>
						<line number="36070" hits="0"/>
						<line number="36071" hits="0"/>
						<line number="36077" hits="0"/>
						<line number="36135" hits="0"/>
						<line number="36136" hits="0"/>
						<line number="36142" hits="0"/>
						<line number="36219" hits="0"/>
						<line number="36220" hits="0"/>
						<line number="36226" hits="0"/>
						<line number="36505" hits="0"/>
						<line number="36506" hits="0"/>
						<line number="36512" hits="0"/>
						<line number="36520" hits="0"/>
						<line number="36521" hits="0"/>
						<line number="36527" hits="0"/>
						<line number="36535" hits="0"/>
						<line number="36536" hits="0"/>
						<line number="36542" hits="0"/>
						<line number="36557" hits="0"/>
						<line number="36558" hits="0"/>
						<line number="36564" hits="0"/>
						<line number="36637" hits="0"/>
						<line number="36638" hits="0"/>
						<line number="36644" hits="0"/>
						<line number="36654" hits="0"/>
						<line number="36655" hits="0"/>
						<line number="36661" hits="0"/>
						<line number="36717" hits="0"/>
						<line number="36718" hits="0"/>
						<line number="36724" hits="0"/>
						<line number="36780" hits="0"/>
						<line number="36781" hits="0"/>
						<line number="36787" hits="0"/>
						<line number="36794" hits="0"/>
						<line number="36795" hits="0"/>
						<line number="36801" hits="0"/>
						<line number="36873" hits="0"/>
						<line number="36874" hits="0"/>
						<line number="36880" hits="0"/>
						<line number="36888" hits="0"/>
						<line number="36889" hits="0"/>
						<line number="36895" hits="0"/>
						<line number="36966" hits="0"/>
						<line number="36967" hits="0"/>
						<line number="36973" hits="0"/>
						<line number="37044" hits="0"/>
						<line number="37045" hits="0"/>
						<line number="37051" hits="0"/>
						<line number="37061" hits="0"/>
						<line number="37062" hits="0"/>
						<line number="37068" hits="0"/>
						<line number="37140" hits="0"/>
						<line number="37141" hits="0"/>
						<line number="37147" hits="0"/>
						<line number="37215" hits="0"/>
						<line number="37216" hits="0"/>
						<line number="37222" hits="0"/>
						<line number="37583" hits="0"/>
						<line number="37584" hits="0"/>
						<line number="37590" hits="0"/>
						<line number="37876" hits="0"/>
						<line number="37877" hits="0"/>
						<line number="37883" hits="0"/>
						<line number="38131" hits="0"/>
						<line number="38132" hits="0"/>
						<line number="38138" hits="0"/>
						<line number="38148" hits="0"/>
						<line number="38149" hits="0"/>
						<line number="38155" hits="0"/>
						<line number="38400" hits="0"/>
						<line number="38401" hits="0"/>
						<line number="38407" hits="0"/>
						<line number="38652" hits="0"/>
						<line number="38653" hits="0"/>
						<line number="38659" hits="0"/>
						<line number="38932" hits="0"/>
						<line number="38933" hits="0"/>
						<line number="38939" hits="0"/>
						<line number="39300" hits="0"/>
						<line number="39301" hits="0"/>
						<line number="39307" hits="0"/>
						<line number="39314" hits="0"/>
						<line number="39315" hits="0"/>
						<line number="39321" hits="0"/>
						<line number="39328" hits="0"/>
						<line number="39329" hits="0"/>
						<line number="39335" hits="0"/>
						<line number="39342" hits="0"/>
						<line number="39343" hits="0"/>
						<line number="39349" hits="0"/>
						<line number="39425" hits="0"/>
						<line number="39426" hits="0"/>
						<line number="39432" hits="0"/>
						<line number="39704" hits="0"/>
						<line number="39705" hits="0"/>
						<line number="39711" hits="0"/>
						<line number="39984" hits="0"/>
						<line number="39985" hits="0"/>
						<line number="39991" hits="0"/>
						<line number="40014" hits="0"/>
						<line number="40015" hits="0"/>
						<line number="40021" hits="0"/>
						<line number="40295" hits="0"/>
						<line number="40296" hits="0"/>
						<line number="40302" hits="0"/>
						<line number="40574" hits="0"/>
						<line number="40575" hits="0"/>
						<line number="40581" hits="0"/>
						<line number="40865" hits="0"/>
						<line number="40866" hits="0"/>
						<line number="40872" hits="0"/>
						<line number="40888" hits="0"/>
						<line number="40889" hits="0"/>
						<line number="40895" hits="0"/>
						<line number="40920" hits="0"/>
						<line number="40921" hits="0"/>
						<line number="40927" hits="0"/>
						<line number="41211" hits="0"/>
						<line number="41212" hits="0"/>
						<line number="41218" hits="0"/>
						<line number="41463" hits="0"/>
						<line number="41464" hits="0"/>
						<line number="41470" hits="0"/>
						<line number="41497" hits="0"/>
						<line number="41498" hits="0"/>
						<line number="41504" hits="0"/>
						<line number="41749" hits="0"/>
						<line number="41750" hits="0"/>
						<line number="41756" hits="0"/>
						<line number="42028" hits="0"/>
						<line number="42029" hits="0"/>
						<line number="42035" hits="0"/>
						<line number="42307" hits="0"/>
						<line number="42308" hits="0"/>
						<line number="42314" hits="0"/>
						<line number="42330" hits="0"/>
						<line number="42331" hits="0"/>
						<line number="42337" hits="0"/>
						<line number="42362" hits="0"/>
						<line number="42363" hits="0"/>
						<line number="42369" hits="0"/>
						<line number="42392" hits="0"/>
						<line number="42393" hits="0"/>
						<line number="42399" hits="0"/>
						<line number="42672" hits="0"/>
						<line number="42673" hits="0"/>
						<line number="42679" hits="0"/>
						<line number="42951" hits="0"/>
						<line number="42952" hits="0"/>
						<line number="42958" hits="0"/>
						<line number="43242" hits="0"/>
						<line number="43243" hits="0"/>
						<line number="43249" hits="0"/>
						<line number="43521" hits="0"/>
						<line number="43522" hits="0"/>
						<line number="43528" hits="0"/>
						<line number="43553" hits="0"/>
						<line number="43554" hits="0"/>
						<line number="43560" hits="0"/>
						<line number="43834" hits="0"/>
						<line number="43835" hits="0"/>
						<line number="43841" hits="0"/>
						<line number="43878" hits="0"/>
						<line number="43879" hits="0"/>
						<line number="43885" hits="0"/>
						<line number="43930" hits="0"/>
						<line number="43931" hits="0"/>
						<line number="43937" hits="0"/>
						<line number="44034" hits="0"/>
						<line number="44035" hits="0"/>
						<line number="44041" hits="0"/>
						<line number="44078" hits="0"/>
						<line number="44079" hits="0"/>
						<line number="44085" hits="0"/>
						<line number="44351" hits="0"/>
						<line number="44352" hits="0"/>
						<line number="44358" hits="0"/>
						<line number="44637" hits="0"/>
						<line number="44638" hits="0"/>
						<line number="44644" hits="0"/>
						<line number="45002" hits="0"/>
						<line number="45003" hits="0"/>
						<line number="45009" hits="0"/>
						<line number="45325" hits="0"/>
						<line number="45326" hits="0"/>
						<line number="45332" hits="0"/>
						<line number="45695" hits="0"/>
						<line number="45696" hits="0"/>
						<line number="45702" hits="0"/>
						<line number="45982" hits="0"/>
						<line number="45983" hits="0"/>
						<line number="45989" hits="0"/>
						<line number="46358" hits="0"/>
						<line number="46359" hits="0"/>
						<line number="46365" hits="0"/>
						<line number="46685" hits="0"/>
						<line number="46686" hits="0"/>
						<line number="46692" hits="0"/>
						<line number="46751" hits="0"/>
						<line number="46752" hits="0"/>
						<line number="46758" hits="0"/>
						<line number="46857" hits="0"/>
						<line number="46858" hits="0"/>
						<line number="46864" hits="0"/>
						<line number="47153" hits="0"/>
						<line number="47154" hits="0"/>
						<line number="47160" hits="0"/>
						<line number="47430" hits="0"/>
						<line number="47431" hits="0"/>
						<line number="47437" hits="0"/>
						<line number="47723" hits="0"/>
						<line number="47724" hits="0"/>
						<line number="47730" hits="0"/>
						<line number="47982" hits="0"/>
						<line number="47983" hits="0"/>
						<line number="47989" hits="0"/>
						<line number="47995" hits="0"/>
						<line number="47996" hits="0"/>
						<line number="48002" hits="0"/>
						<line number="48281" hits="0"/>
						<line number="48282" hits="0"/>
						<line number="48288" hits="0"/>
						<line number="48575" hits="0"/>
						<line number="48576" hits="0"/>
						<line number="48582" hits="0"/>
						<line number="48941" hits="0"/>
						<line number="48942" hits="0"/>
						<line number="48948" hits="0"/>
						<line number="48954" hits="0"/>
						<line number="48955" hits="0"/>
						<line number="48961" hits="0"/>
						<line number="48967" hits="0"/>
						<line number="48968" hits="0"/>
						<line number="48974" hits="0"/>
						<line number="48980" hits="0"/>
						<line number="48981" hits="0"/>
						<line number="48987" hits="0"/>
						<line number="48993" hits="0"/>
						<line number="48994" hits="0"/>
						<line number="49000" hits="0"/>
						<line number="49006" hits="0"/>
						<line number="49007" hits="0"/>
						<line number="49013" hits="0"/>
						<line number="49019" hits="0"/>
						<line number="49020" hits="0"/>
						<line number="49026" hits="0"/>
						<line number="49032" hits="0"/>
						<line number="49033" hits="0"/>
						<line number="49039" hits="0"/>
						<line number="49045" hits="0"/>
						<line number="49046" hits="0"/>
						<line number="49052" hits="0"/>
						<line number="49058" hits="0"/>
						<line number="49059" hits="0"/>
						<line number="49065" hits="0"/>
						<line number="49071" hits="0"/>
						<line number="49072" hits="0"/>
						<line number="49078" hits="0"/>
						<line number="49084" hits="0"/>
						<line number="49085" hits="0"/>
						<line number="49091" hits="0"/>
						<line number="49097" hits="0"/>
						<line number="49098" hits="0"/>
						<line number="49104" hits="0"/>
						<line number="49110" hits="0"/>
						<line number="49111" hits="0"/>
						<line number="49117" hits="0"/>
						<line number="49123" hits="0"/>
						<line number="49124" hits="0"/>
						<line number="49130" hits="0"/>
						<line number="49136" hits="0"/>
						<line number="49137" hits="0"/>
						<line number="49143" hits="0"/>
						<line number="49149" hits="0"/>
						<line number="49150" hits="0"/>
						<line number="49156" hits="0"/>
						<line number="49162" hits="0"/>
						<line number="49163" hits="0"/>
						<line number="49169" hits="0"/>
						<line number="49175" hits="0"/>
						<line number="49176" hits="0"/>
						<line number="49182" hits="0"/>
						<line number="49188" hits="0"/>
						<line number="49189" hits="0"/>
						<line number="49195" hits="0"/>
						<line number="49201" hits="0"/>
						<line number="49202" hits="0"/>
						<line number="49208" hits="0"/>
						<line number="49214" hits="0"/>
						<line number="49215" hits="0"/>
						<line number="49221" hits="0"/>
						<line number="49227" hits="0"/>
						<line number="49228" hits="0"/>
						<line number="49234" hits="0"/>
						<line number="49240" hits="0"/>
						<line number="49241" hits="0"/>
						<line number="49247" hits="0"/>
						<line number="49253" hits="0"/>
						<line number="49254" hits="0"/>
						<line number="49260" hits="0"/>
						<line number="49266" hits="0"/>
						<line number="49267" hits="0"/>
						<line number="49273" hits="0"/>
						<line number="49279" hits="0"/>
						<line number="49280" hits="0"/>
						<line number="49286" hits="0"/>
						<line number="49292" hits="0"/>
						<line number="49293" hits="0"/>
						<line number="49299" hits="0"/>
						<line number="49305" hits="0"/>
						<line number="49306" hits="0"/>
						<line number="49312" hits="0"/>
						<line number="49318" hits="0"/>
						<line number="49319" hits="0"/>
						<line number="49325" hits="0"/>
						<line number="49331" hits="0"/>
						<line number="49332" hits="0"/>
						<line number="49338" hits="0"/>
						<line number="49344" hits="0"/>
						<line number="49345" hits="0"/>
						<line number="49351" hits="0"/>
						<line number="49357" hits="0"/>
						<line number="49358" hits="0"/>
						<line number="49364" hits="0"/>
						<line number="49370" hits="0"/>
						<line number="49371" hits="0"/>
						<line number="49377" hits="0"/>
						<line number="49383" hits="0"/>
						<line number="49384" hits="0"/>
						<line number="49390" hits="0"/>
						<line number="49396" hits="0"/>
						<line number="49397" hits="0"/>
						<line number="49403" hits="0"/>
						<line number="49718" hits="0"/>
						<line number="49719" hits="0"/>
						<line number="49725" hits="0"/>
						<line number="49963" hits="0"/>
						<line number="49964" hits="0"/>
						<line number="49970" hits="0"/>
						<line number="50040" hits="0"/>
						<line number="50041" hits="0"/>
						<line number="50047" hits="0"/>
						<line number="50315" hits="0"/>
						<line number="50316" hits="0"/>
						<line number="50322" hits="0"/>
						<line number="50694" hits="0"/>
						<line number="50695" hits="0"/>
						<line number="50701" hits="0"/>
						<line number="50950" hits="0"/>
						<line number="50951" hits="0"/>
						<line number="50957" hits="0"/>
						<line number="51230" hits="0"/>
						<line number="51231" hits="0"/>
						<line number="51237" hits="0"/>
						<line number="51511" hits="0"/>
						<line number="51512" hits="0"/>
						<line number="51518" hits="0"/>
						<line number="51833" hits="1"/>
						<line number="51834" hits="1"/>
						<line number="51840" hits="1"/>
						<line number="52106" hits="0"/>
						<line number="52107" hits="0"/>
						<line number="52113" hits="0"/>
						<line number="52394" hits="0"/>
						<line number="52395" hits="0"/>
						<line number="52401" hits="0"/>
						<line number="52651" hits="0"/>
						<line number="52652" hits="0"/>
						<line number="52658" hits="0"/>
						<line number="52929" hits="0"/>
						<line number="52930" hits="0"/>
						<line number="52936" hits="0"/>
						<line number="53209" hits="0"/>
						<line number="53210" hits="0"/>
						<line number="53216" hits="0"/>
						<line number="53575" hits="0"/>
						<line number="53576" hits="0"/>
						<line number="53582" hits="0"/>
						<line number="53910" hits="0"/>
						<line number="53911" hits="0"/>
						<line number="53917" hits="0"/>
						<line number="54289" hits="0"/>
						<line number="54290" hits="0"/>
						<line number="54296" hits="0"/>
						<line number="54544" hits="0"/>
						<line number="54545" hits="0"/>
						<line number="54551" hits="0"/>
						<line number="54923" hits="0"/>
						<line number="54924" hits="0"/>
						<line number="54930" hits="0"/>
						<line number="55051" hits="0"/>
						<line number="55052" hits="0"/>
						<line number="55058" hits="0"/>
						<line number="55430" hits="0"/>
						<line number="55431" hits="0"/>
						<line number="55437" hits="0"/>
						<line number="55523" hits="0"/>
						<line number="55524" hits="0"/>
						<line number="55530" hits="0"/>
						<line number="55781" hits="0"/>
						<line number="55782" hits="0"/>
						<line number="55788" hits="0"/>
						<line number="55857" hits="0"/>
						<line number="55858" hits="0"/>
						<line number="55864" hits="0"/>
						<line number="56115" hits="0"/>
						<line number="56116" hits="0"/>
						<line number="56122" hits="0"/>
						<line number="56476" hits="0"/>
						<line number="56477" hits="0"/>
						<line number="56483" hits="0"/>
						<line number="56732" hits="0"/>
						<line number="56733" hits="0"/>
						<line number="56739" hits="0"/>
						<line number="57111" hits="0"/>
						<line number="57112" hits="0"/>
						<line number="57118" hits="0"/>
						<line number="57433" hits="0"/>
						<line number="57434" hits="0"/>
						<line number="57440" hits="0"/>
						<line number="57732" hits="0"/>
						<line number="57733" hits="0"/>
						<line number="57739" hits="0"/>
						<line number="58038" hits="0"/>
						<line number="58039" hits="0"/>
						<line number="58045" hits="0"/>
						<line number="58293" hits="0"/>
						<line number="58294" hits="0"/>
						<line number="58300" hits="0"/>
						<line number="58374" hits="0"/>
						<line number="58375" hits="0"/>
						<line number="58381" hits="0"/>
						<line number="58695" hits="0"/>
						<line number="58696" hits="0"/>
						<line number="58702" hits="0"/>
						<line number="58787" hits="0"/>
						<line number="58788" hits="0"/>
						<line number="58794" hits="0"/>
						<line number="59051" hits="0"/>
						<line number="59052" hits="0"/>
						<line number="59058" hits="0"/>
						<line number="59331" hits="0"/>
						<line number="59332" hits="0"/>
						<line number="59338" hits="0"/>
						<line number="59652" hits="0"/>
						<line number="59653" hits="0"/>
						<line number="59659" hits="0"/>
						<line number="59908" hits="0"/>
						<line number="59909" hits="0"/>
						<line number="59915" hits="0"/>
						<line number="60189" hits="0"/>
						<line number="60190" hits="0"/>
						<line number="60196" hits="0"/>
						<line number="60452" hits="0"/>
						<line number="60453" hits="0"/>
						<line number="60459" hits="0"/>
						<line number="60759" hits="0"/>
						<line number="60760" hits="0"/>
						<line number="60766" hits="0"/>
						<line number="60836" hits="0"/>
						<line number="60837" hits="0"/>
						<line number="60843" hits="0"/>
						<line number="61143" hits="0"/>
						<line number="61144" hits="0"/>
						<line number="61150" hits="0"/>
						<line number="61399" hits="0"/>
						<line number="61400" hits="0"/>
						<line number="61406" hits="0"/>
						<line number="61476" hits="0"/>
						<line number="61477" hits="0"/>
						<line number="61483" hits="0"/>
						<line number="61565" hits="0"/>
						<line number="61566" hits="0"/>
						<line number="61572" hits="0"/>
						<line number="61821" hits="0"/>
						<line number="61822" hits="0"/>
						<line number="61828" hits="0"/>
						<line number="62084" hits="0"/>
						<line number="62085" hits="0"/>
						<line number="62091" hits="0"/>
						<line number="62364" hits="0"/>
						<line number="62365" hits="0"/>
						<line number="62371" hits="0"/>
						<line number="62624" hits="0"/>
						<line number="62625" hits="0"/>
						<line number="62631" hits="0"/>
						<line number="62894" hits="0"/>
						<line number="62895" hits="0"/>
						<line number="62901" hits="0"/>
						<line number="63172" hits="0"/>
						<line number="63173" hits="0"/>
						<line number="63179" hits="0"/>
						<line number="63251" hits="0"/>
						<line number="63252" hits="0"/>
						<line number="63258" hits="0"/>
						<line number="63509" hits="0"/>
						<line number="63510" hits="0"/>
						<line number="63516" hits="0"/>
						<line number="63766" hits="0"/>
						<line number="63767" hits="0"/>
						<line number="63773" hits="0"/>
						<line number="64073" hits="0"/>
						<line number="64074" hits="0"/>
						<line number="64080" hits="0"/>
						<line number="64349" hits="0"/>
						<line number="64350" hits="0"/>
						<line number="64356" hits="0"/>
						<line number="64607" hits="0"/>
						<line number="64608" hits="0"/>
						<line number="64614" hits="0"/>
						<line number="64685" hits="0"/>
						<line number="64686" hits="0"/>
						<line number="64692" hits="0"/>
						<line number="64987" hits="0"/>
						<line number="64988" hits="0"/>
						<line number="64994" hits="0"/>
						<line number="65243" hits="0"/>
						<line number="65244" hits="0"/>
						<line number="65250" hits="0"/>
						<line number="65501" hits="0"/>
						<line number="65502" hits="0"/>
						<line number="65508" hits="0"/>
						<line number="65758" hits="0"/>
						<line number="65759" hits="0"/>
						<line number="65765" hits="0"/>
						<line number="66137" hits="0"/>
						<line number="66138" hits="0"/>
						<line number="66144" hits="0"/>
						<line number="66516" hits="0"/>
						<line number="66517" hits="0"/>
						<line number="66523" hits="0"/>
						<line number="66529" hits="0"/>
						<line number="66530" hits="0"/>
						<line number="66536" hits="0"/>
						<line number="66542" hits="0"/>
						<line number="66543" hits="0"/>
						<line number="66549" hits="0"/>
						<line number="66555" hits="0"/>
						<line number="66556" hits="0"/>
						<line number="66562" hits="0"/>
						<line number="66568" hits="0"/>
						<line number="66569" hits="0"/>
						<line number="66575" hits="0"/>
						<line number="66581" hits="0"/>
						<line number="66582" hits="0"/>
						<line number="66588" hits="0"/>
						<line number="66594" hits="0"/>
						<line number="66595" hits="0"/>
						<line number="66601" hits="0"/>
						<line number="66676" hits="0"/>
						<line number="66677" hits="0"/>
						<line number="66683" hits="0"/>
						<line number="66690" hits="0"/>
						<line number="66691" hits="0"/>
[...]
						<line number="69" hits="1"/>
						<line number="70" hits="1"/>
						<line number="71" hits="0"/>
						<line number="72" hits="0"/>
					</lines>
				</class>
				<class name="lib_rs" filename="polars-ocaml/src/lib.rs" branch-rate="1.0" complexity="1.0" line-rate="1.000">
					<lines>
						<line number="1" hits="44"/>
					</lines>
				</class>
				<class name="utils_rs" filename="polars-ocaml/src/utils.rs" branch-rate="1.0" complexity="1.0" line-rate="0.384">
					<lines>
						<line number="34" hits="2"/>
						<line number="41" hits="218"/>
						<line number="55" hits="0"/>
						<line number="63" hits="0"/>
						<line number="80" hits="0"/>
						<line number="81" hits="0"/>
						<line number="83" hits="0"/>
						<line number="85" hits="0"/>
						<line number="86" hits="0"/>
						<line number="88" hits="0"/>
						<line number="99" hits="0"/>
						<line number="100" hits="0"/>
						<line number="104" hits="0"/>
						<line number="106" hits="0"/>
						<line number="107" hits="0"/>
						<line number="108" hits="0"/>
						<line number="110" hits="0"/>
						<line number="111" hits="0"/>
						<line number="117" hits="0"/>
						<line number="118" hits="0"/>
						<line number="120" hits="0"/>
						<line number="121" hits="0"/>
						<line number="127" hits="0"/>
						<line number="130" hits="0"/>
						<line number="132" hits="0"/>
						<line number="138" hits="1"/>
						<line number="139" hits="1"/>
						<line number="146" hits="1"/>
						<line number="147" hits="1"/>
						<line number="151" hits="0"/>
						<line number="152" hits="0"/>
						<line number="153" hits="0"/>
						<line number="160" hits="0"/>
						<line number="166" hits="1"/>
						<line number="167" hits="1"/>
						<line number="184" hits="1"/>
						<line number="185" hits="1"/>
						<line number="187" hits="0"/>
						<line number="188" hits="0"/>
						<line number="191" hits="0"/>
						<line number="192" hits="0"/>
						<line number="196" hits="0"/>
						<line number="198" hits="0"/>
						<line number="200" hits="0"/>
						<line number="202" hits="0"/>
						<line number="207" hits="1"/>
						<line number="208" hits="1"/>
						<line number="211" hits="1"/>
						<line number="212" hits="1"/>
						<line number="213" hits="1"/>
						<line number="216" hits="1"/>
						<line number="217" hits="1"/>
						<line number="221" hits="1"/>
						<line number="222" hits="0"/>
						<line number="223" hits="0"/>
						<line number="224" hits="0"/>
						<line number="225" hits="0"/>
						<line number="226" hits="0"/>
						<line number="227" hits="0"/>
						<line number="228" hits="0"/>
						<line number="229" hits="0"/>
						<line number="230" hits="1"/>
						<line number="231" hits="0"/>
						<line number="232" hits="0"/>
						<line number="233" hits="1"/>
						<line number="234" hits="0"/>
						<line number="235" hits="0"/>
						<line number="236" hits="0"/>
						<line number="237" hits="0"/>
						<line number="238" hits="0"/>
						<line number="239" hits="0"/>
						<line number="240" hits="0"/>
						<line number="241" hits="0"/>
						<line number="242" hits="0"/>
						<line number="243" hits="0"/>
						<line number="245" hits="0"/>
						<line number="246" hits="0"/>
						<line number="247" hits="0"/>
						<line number="248" hits="0"/>
						<line number="249" hits="0"/>
						<line number="250" hits="0"/>
						<line number="251" hits="0"/>
						<line number="252" hits="0"/>
						<line number="254" hits="0"/>
						<line number="256" hits="0"/>
						<line number="257" hits="0"/>
						<line number="258" hits="0"/>
						<line number="261" hits="1"/>
						<line number="302" hits="0"/>
						<line number="303" hits="0"/>
						<line number="304" hits="0"/>
						<line number="305" hits="0"/>
						<line number="306" hits="0"/>
						<line number="307" hits="0"/>
						<line number="308" hits="0"/>
						<line number="309" hits="0"/>
						<line number="310" hits="0"/>
						<line number="311" hits="0"/>
						<line number="312" hits="0"/>
						<line number="313" hits="0"/>
						<line number="314" hits="0"/>
						<line number="315" hits="0"/>
						<line number="316" hits="0"/>
						<line number="317" hits="0"/>
						<line number="319" hits="0"/>
						<line number="325" hits="1"/>
						<line number="326" hits="1"/>
						<line number="329" hits="0"/>
						<line number="330" hits="0"/>
						<line number="331" hits="0"/>
						<line number="332" hits="0"/>
						<line number="333" hits="0"/>
						<line number="334" hits="0"/>
						<line number="338" hits="1"/>
						<line number="339" hits="1"/>
						<line number="340" hits="1"/>
						<line number="341" hits="1"/>
						<line number="342" hits="0"/>
						<line number="343" hits="0"/>
						<line number="355" hits="1"/>
						<line number="356" hits="1"/>
						<line number="360" hits="0"/>
						<line number="361" hits="0"/>
						<line number="366" hits="0"/>
						<line number="367" hits="0"/>
						<line number="368" hits="0"/>
						<line number="369" hits="0"/>
						<line number="371" hits="0"/>
						<line number="372" hits="0"/>
						<line number="373" hits="0"/>
						<line number="375" hits="0"/>
						<line number="376" hits="0"/>
						<line number="377" hits="0"/>
						<line number="378" hits="0"/>
						<line number="379" hits="0"/>
						<line number="380" hits="0"/>
						<line number="381" hits="0"/>
						<line number="384" hits="0"/>
						<line number="390" hits="1"/>
						<line number="391" hits="1"/>
						<line number="393" hits="1"/>
						<line number="394" hits="0"/>
						<line number="397" hits="1"/>
						<line number="398" hits="1"/>
						<line number="417" hits="1"/>
						<line number="418" hits="1"/>
						<line number="420" hits="1"/>
						<line number="421" hits="1"/>
						<line number="422" hits="0"/>
						<line number="425" hits="1"/>
						<line number="426" hits="1"/>
						<line number="448" hits="1"/>
						<line number="449" hits="1"/>
						<line number="451" hits="0"/>
						<line number="452" hits="0"/>
						<line number="453" hits="0"/>
						<line number="454" hits="1"/>
						<line number="455" hits="0"/>
						<line number="456" hits="0"/>
						<line number="459" hits="1"/>
						<line number="460" hits="1"/>
						<line number="481" hits="1"/>
						<line number="482" hits="1"/>
						<line number="494" hits="1"/>
						<line number="495" hits="1"/>
						<line number="497" hits="1"/>
						<line number="498" hits="0"/>
						<line number="499" hits="0"/>
						<line number="502" hits="1"/>
						<line number="506" hits="1"/>
						<line number="507" hits="1"/>
						<line number="509" hits="2"/>
						<line number="511" hits="3"/>
						<line number="513" hits="2"/>
						<line number="515" hits="3"/>
						<line number="517" hits="1"/>
						<line number="519" hits="1"/>
						<line number="520" hits="1"/>
						<line number="521" hits="1"/>
						<line number="522" hits="1"/>
						<line number="524" hits="0"/>
						<line number="532" hits="1"/>
						<line number="533" hits="1"/>
						<line number="539" hits="1"/>
						<line number="540" hits="1"/>
						<line number="542" hits="0"/>
						<line number="543" hits="0"/>
						<line number="544" hits="1"/>
						<line number="545" hits="0"/>
						<line number="548" hits="1"/>
						<line number="549" hits="1"/>
						<line number="555" hits="0"/>
						<line number="556" hits="0"/>
						<line number="558" hits="0"/>
						<line number="559" hits="0"/>
						<line number="560" hits="0"/>
						<line number="561" hits="0"/>
						<line number="562" hits="0"/>
						<line number="563" hits="0"/>
						<line number="564" hits="0"/>
						<line number="565" hits="0"/>
						<line number="566" hits="0"/>
						<line number="569" hits="0"/>
						<line number="570" hits="0"/>
						<line number="583" hits="6"/>
						<line number="584" hits="6"/>
						<line number="585" hits="6"/>
						<line number="593" hits="3"/>
						<line number="594" hits="3"/>
						<line number="595" hits="0"/>
						<line number="597" hits="0"/>
						<line number="598" hits="0"/>
						<line number="599" hits="0"/>
						<line number="602" hits="0"/>
						<line number="604" hits="3"/>
						<line number="605" hits="3"/>
						<line number="615" hits="3"/>
						<line number="617" hits="3"/>
						<line number="618" hits="3"/>
						<line number="619" hits="3"/>
						<line number="620" hits="3"/>
						<line number="621" hits="0"/>
						<line number="623" hits="0"/>
						<line number="624" hits="0"/>
						<line number="625" hits="0"/>
						<line number="627" hits="0"/>
						<line number="631" hits="3"/>
						<line number="632" hits="3"/>
						<line number="637" hits="0"/>
						<line number="638" hits="0"/>
						<line number="640" hits="0"/>
						<line number="641" hits="0"/>
						<line number="642" hits="0"/>
						<line number="646" hits="0"/>
						<line number="647" hits="0"/>
						<line number="650" hits="14"/>
						<line number="652" hits="8"/>
						<line number="653" hits="8"/>
						<line number="654" hits="8"/>
						<line number="658" hits="7"/>
						<line number="661" hits="7"/>
						<line number="662" hits="7"/>
						<line number="676" hits="1"/>
						<line number="677" hits="1"/>
						<line number="678" hits="1"/>
						<line number="682" hits="0"/>
						<line number="683" hits="0"/>
						<line number="684" hits="0"/>
						<line number="688" hits="0"/>
						<line number="694" hits="0"/>
						<line number="696" hits="0"/>
						<line number="697" hits="0"/>
						<line number="699" hits="6"/>
						<line number="700" hits="6"/>
						<line number="702" hits="6"/>
						<line number="703" hits="6"/>
						<line number="706" hits="0"/>
						<line number="713" hits="0"/>
						<line number="714" hits="0"/>
						<line number="716" hits="1"/>
						<line number="719" hits="5"/>
						<line number="720" hits="15"/>
						<line number="721" hits="10"/>
					</lines>
				</class>
				<class name="lazy_frame_rs" filename="polars-ocaml/src/lazy_frame.rs" branch-rate="1.0" complexity="1.0" line-rate="0.641">
					<lines>
						<line number="13" hits="6"/>
						<line number="16" hits="1"/>
						<line number="18" hits="1"/>
						<line number="20" hits="3"/>
						<line number="23" hits="0"/>
						<line number="24" hits="1"/>
						<line number="28" hits="5"/>
						<line number="31" hits="1"/>
						<line number="33" hits="1"/>
						<line number="34" hits="2"/>
						<line number="36" hits="3"/>
						<line number="38" hits="0"/>
						<line number="39" hits="1"/>
						<line number="40" hits="1"/>
						<line number="45" hits="5"/>
						<line number="48" hits="1"/>
						<line number="50" hits="1"/>
						<line number="51" hits="2"/>
						<line number="53" hits="3"/>
						<line number="56" hits="0"/>
						<line number="57" hits="1"/>
						<line number="58" hits="1"/>
						<line number="60" hits="0"/>
						<line number="63" hits="0"/>
						<line number="64" hits="0"/>
						<line number="66" hits="0"/>
						<line number="67" hits="0"/>
						<line number="69" hits="0"/>
						<line number="71" hits="0"/>
						<line number="72" hits="0"/>
						<line number="73" hits="0"/>
						<line number="75" hits="0"/>
						<line number="77" hits="0"/>
						<line number="78" hits="0"/>
						<line number="80" hits="0"/>
						<line number="83" hits="0"/>
						<line number="86" hits="0"/>
						<line number="87" hits="0"/>
						<line number="89" hits="0"/>
						<line number="90" hits="0"/>
						<line number="92" hits="0"/>
						<line number="94" hits="0"/>
						<line number="95" hits="0"/>
						<line number="96" hits="0"/>
						<line number="98" hits="8"/>
						<line number="100" hits="1"/>
						<line number="101" hits="1"/>
						<line number="102" hits="1"/>
						<line number="104" hits="1"/>
						<line number="106" hits="2"/>
						<line number="107" hits="3"/>
						<line number="111" hits="0"/>
						<line number="114" hits="0"/>
						<line number="116" hits="0"/>
						<line number="118" hits="0"/>
						<line number="119" hits="0"/>
						<line number="120" hits="0"/>
						<line number="121" hits="0"/>
						<line number="122" hits="0"/>
						<line number="123" hits="0"/>
						<line number="126" hits="6"/>
						<line number="128" hits="1"/>
						<line number="129" hits="1"/>
						<line number="131" hits="1"/>
						<line number="133" hits="4"/>
						<line number="134" hits="1"/>
						<line number="136" hits="2"/>
						<line number="137" hits="0"/>
						<line number="138" hits="1"/>
						<line number="139" hits="1"/>
						<line number="140" hits="1"/>
						<line number="142" hits="9"/>
						<line number="144" hits="1"/>
						<line number="145" hits="1"/>
						<line number="146" hits="1"/>
						<line number="148" hits="1"/>
						<line number="150" hits="3"/>
						<line number="151" hits="3"/>
						<line number="155" hits="7"/>
						<line number="157" hits="1"/>
						<line number="158" hits="1"/>
						<line number="159" hits="1"/>
						<line number="161" hits="1"/>
						<line number="164" hits="7"/>
						<line number="166" hits="1"/>
						<line number="167" hits="1"/>
						<line number="168" hits="1"/>
						<line number="170" hits="1"/>
						<line number="172" hits="2"/>
						<line number="173" hits="1"/>
						<line number="175" hits="7"/>
						<line number="177" hits="1"/>
						<line number="178" hits="1"/>
						<line number="179" hits="1"/>
						<line number="181" hits="1"/>
						<line number="183" hits="2"/>
						<line number="184" hits="1"/>
						<line number="186" hits="10"/>
						<line number="188" hits="1"/>
						<line number="189" hits="1"/>
						<line number="190" hits="1"/>
						<line number="191" hits="1"/>
						<line number="192" hits="1"/>
						<line number="194" hits="1"/>
						<line number="195" hits="1"/>
						<line number="196" hits="2"/>
						<line number="198" hits="3"/>
						<line number="199" hits="1"/>
						<line number="200" hits="2"/>
						<line number="202" hits="0"/>
						<line number="204" hits="1"/>
						<line number="206" hits="1"/>
						<line number="208" hits="17"/>
						<line number="210" hits="1"/>
						<line number="211" hits="1"/>
						<line number="212" hits="1"/>
						<line number="213" hits="1"/>
						<line number="214" hits="1"/>
						<line number="215" hits="1"/>
						<line number="216" hits="1"/>
						<line number="217" hits="1"/>
						<line number="218" hits="1"/>
						<line number="219" hits="1"/>
						<line number="220" hits="1"/>
						<line number="221" hits="1"/>
						<line number="222" hits="1"/>
						<line number="224" hits="2"/>
						<line number="225" hits="1"/>
						<line number="227" hits="1"/>
						<line number="228" hits="2"/>
						<line number="229" hits="1"/>
						<line number="231" hits="1"/>
						<line number="232" hits="2"/>
						<line number="233" hits="1"/>
						<line number="235" hits="1"/>
						<line number="236" hits="1"/>
						<line number="237" hits="1"/>
						<line number="238" hits="1"/>
						<line number="239" hits="1"/>
						<line number="240" hits="2"/>
						<line number="241" hits="1"/>
						<line number="242" hits="1"/>
						<line number="243" hits="0"/>
						<line number="244" hits="1"/>
						<line number="246" hits="1"/>
						<line number="247" hits="1"/>
						<line number="249" hits="1"/>
						<line number="250" hits="1"/>
						<line number="251" hits="1"/>
						<line number="252" hits="1"/>
						<line number="253" hits="1"/>
						<line number="254" hits="1"/>
						<line number="255" hits="1"/>
						<line number="256" hits="1"/>
						<line number="257" hits="1"/>
						<line number="258" hits="0"/>
						<line number="260" hits="2"/>
						<line number="262" hits="2"/>
						<line number="264" hits="3"/>
						<line number="265" hits="3"/>
						<line number="266" hits="1"/>
						<line number="267" hits="1"/>
						<line number="269" hits="1"/>
						<line number="271" hits="10"/>
						<line number="273" hits="1"/>
						<line number="274" hits="1"/>
						<line number="275" hits="1"/>
						<line number="276" hits="1"/>
						<line number="277" hits="1"/>
						<line number="278" hits="1"/>
						<line number="280" hits="1"/>
						<line number="281" hits="2"/>
						<line number="282" hits="2"/>
						<line number="284" hits="3"/>
						<line number="285" hits="1"/>
						<line number="287" hits="1"/>
						<line number="289" hits="11"/>
						<line number="291" hits="1"/>
						<line number="292" hits="1"/>
						<line number="293" hits="1"/>
						<line number="294" hits="1"/>
						<line number="295" hits="1"/>
						<line number="296" hits="1"/>
						<line number="297" hits="1"/>
						<line number="299" hits="1"/>
						<line number="300" hits="2"/>
						<line number="301" hits="1"/>
						<line number="302" hits="1"/>
						<line number="303" hits="1"/>
						<line number="304" hits="1"/>
						<line number="305" hits="1"/>
						<line number="306" hits="1"/>
						<line number="307" hits="1"/>
						<line number="308" hits="1"/>
						<line number="309" hits="1"/>
						<line number="312" hits="1"/>
						<line number="313" hits="1"/>
						<line number="315" hits="0"/>
						<line number="318" hits="0"/>
						<line number="319" hits="0"/>
						<line number="320" hits="0"/>
						<line number="321" hits="0"/>
						<line number="323" hits="0"/>
						<line number="324" hits="0"/>
						<line number="325" hits="0"/>
						<line number="326" hits="0"/>
						<line number="327" hits="0"/>
						<line number="329" hits="0"/>
						<line number="336" hits="0"/>
						<line number="337" hits="0"/>
						<line number="338" hits="0"/>
						<line number="340" hits="0"/>
						<line number="343" hits="0"/>
						<line number="344" hits="0"/>
						<line number="345" hits="0"/>
						<line number="347" hits="0"/>
						<line number="348" hits="0"/>
						<line number="349" hits="0"/>
						<line number="350" hits="0"/>
						<line number="352" hits="0"/>
						<line number="353" hits="0"/>
						<line number="354" hits="0"/>
						<line number="356" hits="0"/>
						<line number="358" hits="0"/>
						<line number="359" hits="0"/>
						<line number="360" hits="0"/>
						<line number="361" hits="0"/>
						<line number="362" hits="0"/>
						<line number="363" hits="0"/>
						<line number="364" hits="0"/>
						<line number="366" hits="0"/>
						<line number="367" hits="0"/>
						<line number="369" hits="0"/>
						<line number="370" hits="0"/>
						<line number="371" hits="0"/>
						<line number="372" hits="0"/>
						<line number="374" hits="0"/>
						<line number="375" hits="0"/>
						<line number="376" hits="0"/>
						<line number="377" hits="0"/>
						<line number="378" hits="0"/>
						<line number="380" hits="0"/>
						<line number="381" hits="0"/>
						<line number="383" hits="0"/>
						<line number="384" hits="0"/>
						<line number="385" hits="0"/>
						<line number="386" hits="0"/>
						<line number="387" hits="0"/>
						<line number="391" hits="0"/>
						<line number="392" hits="0"/>
						<line number="394" hits="9"/>
						<line number="396" hits="1"/>
						<line number="397" hits="1"/>
						<line number="398" hits="1"/>
						<line number="400" hits="1"/>
						<line number="402" hits="2"/>
						<line number="405" hits="0"/>
						<line number="407" hits="0"/>
						<line number="408" hits="0"/>
						<line number="409" hits="0"/>
						<line number="411" hits="0"/>
						<line number="413" hits="0"/>
						<line number="414" hits="0"/>
						<line number="416" hits="7"/>
						<line number="418" hits="1"/>
						<line number="419" hits="1"/>
						<line number="420" hits="1"/>
						<line number="422" hits="1"/>
						<line number="424" hits="1"/>
						<line number="427" hits="5"/>
						<line number="430" hits="1"/>
						<line number="432" hits="2"/>
						<line number="433" hits="4"/>
					</lines>
				</class>
			</classes>
		</package>
	</packages>
</coverage>
